<?xml version="1.0" encoding="utf-8"?><testsuites name="pytest tests"><testsuite name="pytest" errors="0" failures="0" skipped="6" tests="1102" time="16.382" timestamp="2025-09-18T16:03:48.584133-05:00" hostname="JJSXPS15"><testcase classname="tests.unit.test_assertions_converter_fixtures_pipeline_stages_0001" name="test_run_pipeline_end_to_end_small_sample" time="0.029" /><testcase classname="tests.unit.test_assertions_rewriter_stages_0001" name="test_property_style_assertions_attribute_equality" time="0.011" /><testcase classname="tests.unit.test_assertions_rewriter_stages_0001" name="test_assert_not_regex_sets_re_import_and_not_search" time="0.008" /><testcase classname="tests.unit.test_assertions_rewriter_stages_0001" name="test_assert_true_on_nested_attr_keeps_attr" time="0.007" /><testcase classname="tests.unit.test_assertions_rewriter_stages_0001" name="test_boolean_and_membership_msg_dropped[def test():\n    self.assertIn(x, y, 'm')\n-x in y]" time="0.008" /><testcase classname="tests.integration.test_cli_reporting_integration_0001" name="test_cli_ndjson_only" time="0.012" /><testcase classname="tests.unit.test_cli_exceptions_main_0002" name="test_recursive_find_unittest_files_and_verbose" time="0.013" /><testcase classname="tests.unit.test_assertions_rewriter_stages_0001" name="test_assert_raises_context_manager_to_pytest_raises" time="0.002" /><testcase classname="tests.unit.test_assertions_rewriter_stages_0001" name="test_assert_almost_equal_uses_approx_and_sets_pytest_flag" time="0.003" /><testcase classname="tests.unit.test_assertions_rewriter_stages_0001" name="test_regex_aliases_and_negations_parametrized" time="0.004" /><testcase classname="tests.unit.test_assertions_rewriter_stages_0001" name="test_property_style_assertions_is_none_and_truthiness" time="0.006" /><testcase classname="tests.unit.test_cli_exceptions_main_0002" name="test_find_unittest_files_monkeypatched_lambda_fallback" time="0.006" /><testcase classname="tests.unit.test_assertions_rewriter_stages_0001" name="test_boolean_and_membership_msg_dropped[def test():\n    self.assertNotIn(x2, y2, msg='m')\n-x2 not in y2]" time="0.003" /><testcase classname="tests.unit.test_assertions_rewriter_stages_0001" name="test_additional_regex_aliases[def test():\n    self.assertRegex(text, pattern)\n-expected_parts0-True]" time="0.003" /><testcase classname="tests.unit.test_assertions_rewriter_stages_0001" name="test_almost_equal_permutations_parametrized" time="0.017" /><testcase classname="tests.integration.test_cli_reporting_integration_0001" name="test_cli_json_and_diff_combined" time="0.005" /><testcase classname="tests.integration.test_cli_reporting_jsonfile_0001" name="test_cli_json_file_writes_ndjson" time="0.006" /><testcase classname="tests.unit.test_assertions_rewriter_stages_0001" name="test_additional_regex_aliases[def test():\n    self.assertRegexpMatches(text, pattern)\n-expected_parts1-True]" time="0.002" /><testcase classname="tests.unit.test_cli_exceptions_main_0002" name="test_output_path_passed_to_convert_file" time="0.004" /><testcase classname="tests.unit.test_cli_main_0001" name="test_no_paths_exits_with_error" time="0.002" /><testcase classname="tests.unit.test_assertions_rewriter_stages_0001" name="test_property_style_membership_and_identity" time="0.004" /><testcase classname="tests.unit.test_assertions_rewriter_stages_0001" name="test_assert_almost_equal_sets_approx_flag" time="0.006" /><testcase classname="tests.unit.test_assertions_rewriter_stages_0001" name="test_assert_equal_with_msg_keyword_is_stripped" time="0.002" /><testcase classname="tests.unit.test_assertions_converter_fixtures_pipeline_stages_0001" name="test_remaining_comparisons_and_not_is_instance" time="0.001" /><testcase classname="tests.integration.test_cli_reporting_jsonfile_0001" name="test_cli_rejects_unsafe_json_file" time="0.008" /><testcase classname="tests.unit.test_assertions_rewriter_stages_0001" name="test_various_simple_assertions[def test():\n    self.assertEqual(a, b)\n-a == b]" time="0.004" /><testcase classname="tests.unit.test_assertions_rewriter_stages_0001" name="test_additional_regex_aliases[def test():\n    assertRegexpMatches(text, pattern)\n-expected_parts2-True]" time="0.003" /><testcase classname="tests.unit.test_assertions_converter_fixtures_pipeline_stages_0001" name="test_create_fixture_for_attribute_delegates_and_simple_case" time="0.001" /><testcase classname="tests.unit.test_cli_main_0001" name="test_directory_without_recursive_warns_and_no_files" time="0.004" /><testcase classname="tests.unit.test_assertions_converter_fixtures_pipeline_stages_0001" name="test_end_to_end_setup_teardown_with_cleanup" time="0.021" /><testcase classname="tests.unit.test_assertions_rewriter_stages_0001" name="test_various_simple_assertions[def test():\n    self.assertNotEqual(x, y)\n-x != y]" time="0.002" /><testcase classname="tests.unit.test_assertions_rewriter_stages_0001" name="test_assert_regex_sets_re_import_and_uses_search" time="0.004" /><testcase classname="tests.unit.test_assertions_rewriter_stages_0001" name="test_equal_and_not_equal_with_trailing_msg_parametrized" time="0.004" /><testcase classname="tests.unit.test_assertions_rewriter_stages_0001" name="test_additional_regex_aliases[def test():\n    self.assertNotRegexpMatches(text, pattern)\n-expected_parts3-True]" time="0.003" /><testcase classname="tests.unit.test_cli_main_0001" name="test_dry_run_calls_convert_string_and_reports" time="0.004" /><testcase classname="tests.integration.test_generator_goldens_0001" name="test_generated_namedtuple_fixture_matches_golden" time="0.012" /><testcase classname="tests.unit.test_assertions_rewriter_stages_0001" name="test_various_simple_assertions[def test():\n    self.assertTrue(cond)\n-cond]" time="0.002" /><testcase classname="tests.unit.test_assertions_rewriter_stages_0001" name="test_more_almost_not_almost_permutations[def test():\n    self.assertNotAlmostEqual(a, b, delta=0.2)\n-expected_contains0]" time="0.010" /><testcase classname="tests.unit.test_assertions_rewriter_stages_0001" name="test_true_false_and_unary_negation_parametrized" time="0.002" /><testcase classname="tests.unit.test_assertions_rewriter_stages_0001" name="test_various_simple_assertions[def test():\n    self.assertFalse(cond2)\n-not cond2]" time="0.002" /><testcase classname="tests.unit.test_assertions_rewriter_stages_0001" name="test_assert_raises_context_and_callable_form" time="0.006" /><testcase classname="tests.unit.test_cli_main_0001" name="test_convert_file_error_is_reported" time="0.005" /><testcase classname="tests.unit.test_assertions_rewriter_stages_0001" name="test_membership_asserts_parametrized" time="0.003" /><testcase classname="tests.unit.test_assertions_rewriter_stages_0001" name="test_various_simple_assertions[def test():\n    self.assertListEqual(l1, l2)\n-l1 == l2]" time="0.003" /><testcase classname="tests.unit.test_assertions_rewriter_stages_0001" name="test_identity_and_membership_operators" time="0.006" /><testcase classname="tests.unit.test_assertions_rewriter_stages_0001" name="test_various_simple_assertions[def test():\n    self.assertIs(a, b)\n-a is b]" time="0.003" /><testcase classname="tests.unit.test_cli_reporting_0001" name="test_dry_run_json_and_diff" time="0.007" /><testcase classname="tests.unit.test_assertions_rewriter_stages_0001" name="test_assert_raises_and_regex_context_manager_conversions" time="0.005" /><testcase classname="tests.integration.test_generator_imports_stages_0001" name="test_init_api_bak_generates_typing_and_namedtuple" time="0.055" /><testcase classname="tests.unit.test_assertions_rewriter_stages_0001" name="test_more_almost_not_almost_permutations[def test():\n    self.assertNotAlmostEqual(a, b)\n-expected_contains1]" time="0.003" /><testcase classname="tests.unit.test_assertions_rewriter_stages_0001" name="test_various_simple_assertions[def test():\n    self.assertIsNot(x, y)\n-x is not y]" time="0.002" /><testcase classname="tests.unit.test_assertions_rewriter_stages_0001" name="test_truthiness_assertions" time="0.003" /><testcase classname="tests.unit.test_assertions_converter_helpers_0001" name="test_is_self_call_positive_and_negative" time="0.001" /><testcase classname="tests.unit.test_assertions_rewriter_stages_0001" name="test_various_simple_assertions[def test():\n    self.assertIn(item, coll)\n-item in coll]" time="0.002" /><testcase classname="tests.unit.test_cli_symlink_gitignore_0001" name="test_follow_symlinks_false_excludes_symlink" time="0.001"><skipped type="pytest.skip" message="symlinks not supported in this environment">D:\repos\splurge-unittest-to-pytest\tests\unit\test_cli_symlink_gitignore_0001.py:27: symlinks not supported in this environment</skipped></testcase><testcase classname="tests.unit.test_assertions_rewriter_stages_0001" name="test_more_almost_not_almost_permutations[def test():\n    self.assertAlmostEqual(a, b, places=0)\n-expected_contains2]" time="0.004" /><testcase classname="tests.unit.test_assertions_rewriter_stages_0001" name="test_assert_equal_basic_and_msg_stripped" time="0.002" /><testcase classname="tests.unit.test_assertions_rewriter_stages_0001" name="test_assert_is_not_none_and_literal_guards" time="0.002" /><testcase classname="tests.unit.test_assertions_converter_helpers_0001" name="test_convert_assertion_returns_none_for_raises_and_unknown" time="0.001" /><testcase classname="tests.unit.test_assertions_rewriter_stages_0001" name="test_not_isinstance_emits_unary_not" time="0.003" /><testcase classname="tests.unit.test_assertions_core_fixtures_generator_imports_rewriter_stages_0001" name="test_references_attribute_detects_in_if_call_and_subscript" time="0.005" /><testcase classname="tests.unit.test_assertions_rewriter_stages_0001" name="test_various_simple_assertions[def test():\n    self.assertNotIn(item2, coll2)\n-item2 not in coll2]" time="0.004" /><testcase classname="tests.unit.test_cli_symlink_gitignore_0001" name="test_respect_gitignore_skips_ignored" time="0.019" /><testcase classname="tests.unit.test_assertions_rewriter_stages_0001" name="test_assert_almost_equal_places_kw_and_not_almost_numeric_positional" time="0.003" /><testcase classname="tests.unit.test_assertions_rewriter_stages_0001" name="test_assert_equal_to_comparison" time="0.002" /><testcase classname="tests.unit.test_assertions_rewriter_stages_0001" name="test_more_parametrized_variants_batch2" time="0.013" /><testcase classname="tests.unit.test_assertions_rewriter_stages_0001" name="test_almost_equal_places_and_delta_and_default_approx" time="0.007" /><testcase classname="tests.unit.test_assertions_rewriter_stages_0001" name="test_assert_false_to_not" time="0.002" /><testcase classname="tests.unit.test_assertions_core_fixtures_generator_imports_rewriter_stages_0001" name="test_delete_detection_and_rendered_fallback" time="0.002" /><testcase classname="tests.unit.test_assertions_rewriter_stages_0001" name="test_assert_not_regex_structural_not_search" time="0.002" /><testcase classname="tests.unit.test_assertions_core_fixtures_generator_imports_rewriter_stages_0001" name="test_non_literal_return_binds_to_local_and_returns_local" time="0.002" /><testcase classname="tests.unit.test_assertions_rewriter_stages_0001" name="test_assert_is_not_none_and_not_equal_and_not_is_instance" time="0.006" /><testcase classname="tests.unit.test_assertions_rewriter_stages_0001" name="test_assert_almost_equal_with_delta_uses_abs_le" time="0.002" /><testcase classname="tests.unit.test_assertions_core_fixtures_generator_imports_rewriter_stages_0001" name="test_pipeline_integration_basic_flow" time="0.010" /><testcase classname="tests.unit.test_assertions_rewriter_stages_0001" name="test_assert_almost_equal_with_places_positional_uses_round" time="0.002" /><testcase classname="tests.unit.test_assertions_rewriter_stages_0001" name="test_regex_and_not_regex_and_re_import" time="0.002" /><testcase classname="tests.unit.test_assertions_rewriter_stages_0001" name="test_raises_call_and_with_are_handled" time="0.003" /><testcase classname="tests.unit.test_assertions_rewriter_stages_0001" name="test_assert_not_almost_equal_with_delta_uses_gt" time="0.003" /><testcase classname="tests.unit.test_assertions_rewriter_stages_0001" name="test_assert_raises_regex_match_kw_injection" time="0.002" /><testcase classname="tests.unit.test_converter_0001" name="test_unittest_testcase_attribute" time="0.003" /><testcase classname="tests.unit.test_assertions_rewriter_stages_0001" name="test_message_permutations_and_edge_cases" time="0.017" /><testcase classname="tests.unit.test_assertions_rewriter_stages_0001" name="test_comparison_operators_mapped" time="0.006" /><testcase classname="tests.unit.test_assertions_rewriter_stages_0001" name="test_regex_variants[def test():\n    self.assertRegex(text, pattern)\n-expected_parts0-True]" time="0.003" /><testcase classname="tests.unit.test_assertions_rewriter_stages_0001" name="test_assert_regex_sets_re_import_and_search" time="0.002" /><testcase classname="tests.unit.test_converter_0001" name="test_bare_testcase_name" time="0.001" /><testcase classname="tests.unit.test_assertions_core_rewriter_stages_0001" name="test_assert_equal_to_assert" time="0.002" /><testcase classname="tests.unit.test_assertions_rewriter_stages_0001" name="test_assert_raises_context_manager_to_pytest_raises__01" time="0.002" /><testcase classname="tests.unit.test_converter_0001" name="test_non_testcase_returns_false" time="0.001" /><testcase classname="tests.unit.test_assertions_rewriter_stages_0001" name="test_regex_variants[def test():\n    assertRegex(text, pattern)\n-expected_parts1-True]" time="0.003" /><testcase classname="tests.unit.test_converter_0001" name="test_build_basic_fixture_decorator" time="0.001" /><testcase classname="tests.unit.test_assertions_core_rewriter_stages_0001" name="test_assert_true_and_false" time="0.002" /><testcase classname="tests.unit.test_converter_0001" name="test_build_fixture_decorator_accepts_kwargs" time="0.001" /><testcase classname="tests.unit.test_assertions_rewriter_stages_0001" name="test_assert_in_and_not_in" time="0.002" /><testcase classname="tests.unit.test_assertions_rewriter_stages_0001" name="test_bare_name_assert_raises_and_unknown_left_unchanged" time="0.003" /><testcase classname="tests.unit.test_assertions_core_rewriter_stages_0001" name="test_assert_in_and_not_in" time="0.002" /><testcase classname="tests.unit.test_assertions_rewriter_stages_0001" name="test_regex_variants[def test():\n    self.assertRegexpMatches(text, pattern)\n-expected_parts2-True]" time="0.003" /><testcase classname="tests.unit.test_converter_0001" name="test_build_pytest_fixture_decorator_renders_pytest_fixture" time="0.001" /><testcase classname="tests.unit.test_assertions_rewriter_stages_0001" name="test_assert_almost_equal_places_keyword_rounds" time="0.002" /><testcase classname="tests.unit.test_assertions_rewriter_stages_0001" name="test_collection_equality_structural" time="0.003" /><testcase classname="tests.unit.test_converter_0001" name="test_insert_fixtures_after_imports" time="0.001" /><testcase classname="tests.unit.test_assertions_rewriter_stages_0001" name="test_assert_not_almost_equal_places_keyword_not_rounds" time="0.002" /><testcase classname="tests.unit.test_assertions_core_rewriter_stages_0001" name="test_assert_almost_equal_uses_approx_by_default" time="0.002" /><testcase classname="tests.unit.test_converter_0001" name="test_parse_setup_assignments_extracts_self_attrs" time="0.001" /><testcase classname="tests.unit.test_assertions_rewriter_stages_0001" name="test_regex_variants[def test():\n    self.assertNotRegex(text, pattern)\n-expected_parts3-True]" time="0.003" /><testcase classname="tests.unit.test_converter_core_diagnostics_fixtures_manager_stages_0001" name="test_stage_manager_register_and_run" time="0.001" /><testcase classname="tests.unit.test_assertions_rewriter_stages_0001" name="test_assert_false_unary_operation_structure" time="0.002" /><testcase classname="tests.unit.test_assertions_core_rewriter_stages_0001" name="test_assert_almost_equal_with_delta_uses_abs_compare" time="0.007" /><testcase classname="tests.unit.test_assertions_rewriter_stages_0001" name="test_assert_raises_regex_creates_match_kw" time="0.002" /><testcase classname="tests.unit.test_assertions_rewriter_stages_0001" name="test_more_messages_and_kwarg_edge_cases" time="0.013" /><testcase classname="tests.unit.test_converter_core_diagnostics_fixtures_manager_stages_0001" name="test_create_simple_fixture_annotations_and_body" time="0.001" /><testcase classname="tests.unit.test_assertions_rewriter_stages_0001" name="test_assert_is_none_literal_skipped_and_var_converted" time="0.002" /><testcase classname="tests.unit.test_assertions_rewriter_stages_0001" name="test_regex_variants[def test():\n    self.assertNotRegexpMatches(text, pattern)\n-expected_parts4-True]" time="0.003" /><testcase classname="tests.unit.test_converter_core_diagnostics_fixtures_manager_stages_0001" name="test_build_pytest_fixture_decorator_no_kwargs_and_with_kwargs" time="0.001" /><testcase classname="tests.unit.test_assertions_rewriter_stages_0001" name="test_msg_keyword_stripped_from_assert_equal" time="0.003" /><testcase classname="tests.unit.test_assertions_rewriter_stages_0001" name="test_assert_almost_equal_delta_and_places_and_default" time="0.004" /><testcase classname="tests.unit.test_assertions_rewriter_stages_0001" name="test_almost_equal_parametrized[def test():\n    self.assertAlmostEqual(a, b, 3)\n-expected_checks0]" time="0.002" /><testcase classname="tests.unit.test_assertions_core_rewriter_stages_0001" name="test_assert_regex_sets_re_import_and_uses_re_search" time="0.003" /><testcase classname="tests.unit.test_assertions_rewriter_stages_0001" name="test_bare_assert_equal_name_is_converted" time="0.002" /><testcase classname="tests.unit.test_converter_core_diagnostics_fixtures_manager_stages_0001" name="test_diagnostics_flags_and_snapshot" time="0.006" /><testcase classname="tests.unit.test_assertions_rewriter_stages_0001" name="test_assert_not_almost_equal_delta_and_default" time="0.002" /><testcase classname="tests.integration.test_generator_imports_stages_0001" name="test_cli_bak_basic_conversion" time="0.210" /><testcase classname="tests.unit.test_assertions_rewriter_stages_0001" name="test_almost_equal_parametrized[def test():\n    self.assertAlmostEqual(a, b, delta=0.1)\n-expected_checks1]" time="0.002" /><testcase classname="tests.unit.test_assertions_rewriter_stages_0001" name="test_regex_aliases_and_negative_forms" time="0.008" /><testcase classname="tests.unit.test_assertions_core_rewriter_stages_0001" name="test_assert_raises_context_manager_to_pytest_raises" time="0.004" /><testcase classname="tests.unit.test_assertions_rewriter_stages_0001" name="test_assert_raises_and_raises_regex_converted" time="0.003" /><testcase classname="tests.unit.test_assertions_rewriter_stages_0001" name="test_almost_equal_parametrized[def test():\n    self.assertAlmostEqual(a, b, places=2)\n-expected_checks2]" time="0.002" /><testcase classname="tests.unit.test_converter_core_diagnostics_generator_helpers_literals_manager_st_0001" name="test_annotation_inferer" time="0.001" /><testcase classname="tests.unit.test_converter_core_diagnostics_generator_helpers_literals_manager_st_0001" name="test_is_self_call_true_false" time="0.001" /><testcase classname="tests.unit.test_assertions_rewriter_stages_0001" name="test_more_messages_batch4_edge_cases" time="0.017" /><testcase classname="tests.unit.test_assertions_rewriter_stages_0001" name="test_almost_equal_parametrized[def test():\n    self.assertAlmostEqual(a, b)\n-expected_checks3]" time="0.003" /><testcase classname="tests.unit.test_assertions_rewriter_stages_0001" name="test_assert_regex_sets_re_import" time="0.002" /><testcase classname="tests.unit.test_assertions_core_rewriter_stages_0001" name="test_bare_name_assert_equal_conversion" time="0.003" /><testcase classname="tests.unit.test_converter_core_diagnostics_generator_helpers_literals_manager_st_0001" name="test_stage_manager_register_and_run_no_diagnostics" time="0.001" /><testcase classname="tests.unit.test_assertions_rewriter_stages_0001" name="test_basic_boolean_and_membership_and_identity_and_instance" time="0.005" /><testcase classname="tests.unit.test_assertions_rewriter_stages_0001" name="test_not_almost_equal_parametrized[def test():\n    self.assertNotAlmostEqual(a, b, delta=0.1)\n-&lt;lambda&gt;]" time="0.003" /><testcase classname="tests.unit.test_assertions_rewriter_stages_0001" name="test_almost_equal_default_and_variants" time="0.009" /><testcase classname="tests.unit.test_converter_core_diagnostics_generator_helpers_literals_manager_st_0001" name="test_diagnostics_create_and_write" time="0.006" /><testcase classname="tests.unit.test_assertions_core_rewriter_stages_0001" name="test_assert_is_none_string_literal_guard_returns_none" time="0.003" /><testcase classname="tests.unit.test_converter_exceptions_0001" name="test_make_pytest_raises_call_defaults_and_explicit" time="0.001" /><testcase classname="tests.unit.test_assertions_rewriter_stages_0001" name="test_not_almost_equal_parametrized[def test():\n    self.assertNotAlmostEqual(a, b, 2)\n-&lt;lambda&gt;]" time="0.002" /><testcase classname="tests.unit.test_assertions_core_rewriter_stages_0001" name="test_assert_raises_regex_without_match_arg_fallback" time="0.002" /><testcase classname="tests.unit.test_assertions_rewriter_stages_0001" name="test_aliases_and_collections_and_multi_line_equal" time="0.004" /><testcase classname="tests.unit.test_assertions_rewriter_stages_0001" name="test_not_almost_equal_parametrized[def test():\n    self.assertNotAlmostEqual(a, b)\n-&lt;lambda&gt;]" time="0.002" /><testcase classname="tests.unit.test_assertions_core_rewriter_stages_0001" name="test_assert_not_almost_equal_with_delta_produces_greater_than" time="0.002" /><testcase classname="tests.unit.test_converter_exceptions_0001" name="test_make_pytest_raises_regex_call_match_kw" time="0.001" /><testcase classname="tests.unit.test_converter_exceptions_0001" name="test_create_pytest_raises_withitem_variants" time="0.001" /><testcase classname="tests.unit.test_assertions_rewriter_stages_0001" name="test_trailing_and_kwarg_message_variants_removed" time="0.007" /><testcase classname="tests.unit.test_assertions_rewriter_stages_0001" name="test_more_parametrized_batch3_collections_and_comparisons" time="0.013" /><testcase classname="tests.unit.test_assertions_rewriter_stages_0001" name="test_assert_almost_equal_non_numeric_third_positional_is_msg" time="0.002" /><testcase classname="tests.unit.test_assertions_core_rewriter_stages_0001" name="test_assert_is_instance_emits_isinstance_call" time="0.002" /><testcase classname="tests.unit.test_assertions_rewriter_stages_0001" name="test_msg_and_is_none_variants[def test():\n    self.assertEqual(a, b, 'maybe')\n-a == b]" time="0.003" /><testcase classname="tests.unit.test_converter_exceptions_0001" name="test_make_pytest_raises_call_defaults_and_arg" time="0.001" /><testcase classname="tests.unit.test_converter_exceptions_0001" name="test_make_pytest_raises_regex_call_and_withitem" time="0.001" /><testcase classname="tests.unit.test_assertions_core_rewriter_stages_0001" name="test_basic_comparisons_map" time="0.015" /><testcase classname="tests.unit.test_assertions_rewriter_stages_0001" name="test_assert_is_none_with_simple_string_literal_skipped" time="0.002" /><testcase classname="tests.unit.test_assertions_rewriter_stages_0001" name="test_msg_and_is_none_variants[def test():\n    self.assertEqual(a, b, msg='oops')\n-a == b]" time="0.002" /><testcase classname="tests.unit.test_converter_fixtures_0001" name="test_normalize_camel_to_snake" time="0.001" /><testcase classname="tests.unit.test_converter_fixtures_0001" name="test_is_setup_method_matches_common_names" time="0.001" /><testcase classname="tests.unit.test_assertions_rewriter_stages_0001" name="test_assert_raises_standalone_name_and_non_self_calls" time="0.003" /><testcase classname="tests.unit.test_assertions_rewriter_stages_0001" name="test_various_edge_case_messages_and_regex_bytes" time="0.007" /><testcase classname="tests.unit.test_assertions_rewriter_stages_0001" name="test_msg_and_is_none_variants[def test():\n    self.assertIsNone(x)\n-x is None]" time="0.002" /><testcase classname="tests.unit.test_converter_fixtures_0001" name="test_is_teardown_method_matches_common_names" time="0.001" /><testcase classname="tests.unit.test_converter_fixtures_0001" name="test_is_test_method_matches_prefixes" time="0.001" /><testcase classname="tests.unit.test_converter_fixtures_0001" name="test_create_simple_fixture_literal_annotation" time="0.001" /><testcase classname="tests.unit.test_assertions_rewriter_stages_0001" name="test_assert_regex_sets_re_import_and_search_expression" time="0.003" /><testcase classname="tests.unit.test_assertions_rewriter_stages_0001" name="test_msg_and_is_none_variants[def test():\n    self.assertIsNotNone(y)\n-y is not None]" time="0.002" /><testcase classname="tests.unit.test_assertions_rewriter_stages_0001" name="test_almost_equal_extra_permutations[def test():\n    self.assertAlmostEqual(a, b, delta=0.5, places=2)\n-expected_contains0]" time="0.003" /><testcase classname="tests.unit.test_assertions_rewriter_stages_0001" name="test_third_positional_non_numeric_is_dropped_as_msg" time="0.002" /><testcase classname="tests.unit.test_assertions_rewriter_stages_0001" name="test_assert_raises_regexp_alias_and_msg_removal" time="0.003" /><testcase classname="tests.unit.test_converter_fixtures_0001" name="test_create_simple_fixture_complex_binds_to_local_and_returns" time="0.001" /><testcase classname="tests.unit.test_assertions_rewriter_stages_0001" name="test_assert_raises_call_skipped_in_convert_function_form" time="0.002" /><testcase classname="tests.unit.test_assertions_rewriter_stages_0001" name="test_assert_not_regex_negates_search_and_sets_re_import" time="0.004" /><testcase classname="tests.unit.test_converter_fixtures_0001" name="test_create_fixture_with_cleanup_replaces_attr_references" time="0.002" /><testcase classname="tests.unit.test_assertions_rewriter_stages_0001" name="test_almost_equal_extra_permutations[def test():\n    self.assertNotAlmostEqual(a, b, places=1)\n-expected_contains1]" time="0.002" /><testcase classname="tests.unit.test_converter_fixtures_0001" name="test_create_simple_fixture_with_guard_emits_raise_for_self_ref" time="0.001" /><testcase classname="tests.unit.test_bundles_generator_0001" name="test_safe_bundle_named_locals_no_classes" time="0.001" /><testcase classname="tests.unit.test_bundles_generator_0001" name="test_safe_bundle_named_locals_exception" time="0.002" /><testcase classname="tests.unit.test_assertions_rewriter_stages_0001" name="test_insufficient_args_falls_back_to_false_assert" time="0.001" /><testcase classname="tests.unit.test_assertions_core_rewriter_stages_0001" name="test_identity_and_membership" time="0.003" /><testcase classname="tests.unit.test_assertions_rewriter_stages_0001" name="test_almost_equal_extra_permutations[def test():\n    self.assertAlmostEqual(a, b, 4, places=4)\n-expected_contains2]" time="0.002" /><testcase classname="tests.unit.test_bundles_generator_0001" name="test_safe_bundle_named_locals_happy_path_empty" time="0.001" /><testcase classname="tests.unit.test_assertions_rewriter_stages_0001" name="test_assert_is_none_literal_guard_returns_none_behavior" time="0.003" /><testcase classname="tests.unit.test_assertions_rewriter_stages_0001" name="test_collection_equality_maps_to_equality" time="0.002" /><testcase classname="tests.unit.test_bundles_generator_0001" name="test_safe_bundle_named_locals_exception_path" time="0.001" /><testcase classname="tests.unit.test_assertions_rewriter_stages_0001" name="test_regex_with_msg_dropped[def test():\n    self.assertRegex(text, pattern, msg='x')\n-re.search]" time="0.002" /><testcase classname="tests.unit.test_converter_helpers_imports_stages_tidy_0001" name="test_has_meaningful_changes_ast_detects_change" time="0.001" /><testcase classname="tests.unit.test_converter_helpers_imports_stages_tidy_0001" name="test_remove_unittest_import_with_alias" time="0.001" /><testcase classname="tests.unit.test_assertions_core_rewriter_stages_0001" name="test_assert_is_instance_and_not_is_instance" time="0.002" /><testcase classname="tests.unit.test_converter_helpers_imports_stages_tidy_0001" name="test_has_pytest_import_with_alias_import" time="0.001" /><testcase classname="tests.unit.test_assertions_rewriter_stages_0001" name="test_not_almost_equal_default_uses_approx_and_sets_pytest" time="0.002" /><testcase classname="tests.unit.test_bundles_generator_0002" name="test_bundle_named_locals_empty_out" time="0.001" /><testcase classname="tests.unit.test_assertions_rewriter_stages_0001" name="test_assert_almost_equal_with_delta_uses_abs_compare" time="0.003" /><testcase classname="tests.unit.test_assertions_rewriter_stages_0001" name="test_regex_with_msg_dropped[def test():\n    self.assertNotRegex(text, pattern, msg='x')\n-re.search]" time="0.002" /><testcase classname="tests.unit.test_bundles_generator_0002" name="test_bundle_named_locals_grouping_simple" time="0.003" /><testcase classname="tests.unit.test_converter_helpers_manager_stages_0001" name="test_is_self_call_exception_path" time="0.001" /><testcase classname="tests.unit.test_assertions_rewriter_stages_0001" name="test_assert_true_and_false_paths" time="0.002" /><testcase classname="tests.unit.test_assertions_rewriter_stages_0001" name="test_assert_not_almost_equal_default_uses_not_approx" time="0.002" /><testcase classname="tests.unit.test_assertions_rewriter_stages_0001" name="test_boolean_and_membership_msg_dropped[def test():\n    self.assertTrue(cond, 'oops')\n-cond]" time="0.002" /><testcase classname="tests.unit.test_assertions_rewriter_stages_0001" name="test_assert_is_not_none_and_comparisons" time="0.004" /><testcase classname="tests.unit.test_converter_helpers_manager_stages_0001" name="test_stage_manager_diagnostics_snapshots" time="0.008" /><testcase classname="tests.unit.test_assertions_core_rewriter_stages_0001" name="test_assert_almost_equal_variants" time="0.004" /><testcase classname="tests.unit.test_assertions_rewriter_stages_0001" name="test_boolean_and_membership_msg_dropped[def test():\n    self.assertFalse(cond2, msg='nope')\n-not cond2]" time="0.002" /><testcase classname="tests.unit.test_assertions_rewriter_stages_0001" name="test_is_and_is_not_conversions" time="0.002" /><testcase classname="tests.unit.test_assertions_core_rewriter_stages_0001" name="test_assert_not_almost_equal_variants" time="0.005" /><testcase classname="tests.unit.test_cli_backup_hash_0001" name="test_backup_hash_suffix_created" time="0.019" /><testcase classname="tests.unit.test_converter_fixtures_0001" name="test_create_autocreated_file_fixture_with_and_without_content" time="0.001" /><testcase classname="tests.unit.test_assertions_rewriter_stages_0001" name="test_assert_not_equal_maps_to_not_equal" time="0.002" /><testcase classname="tests.unit.test_assertions_core_rewriter_stages_0001" name="test_assert_raises_callable_and_context" time="0.003" /><testcase classname="tests.unit.test_converter_fixtures_0001" name="test_infer_container_return_annotations" time="0.001" /><testcase classname="tests.unit.test_converter_helpers_manager_stages_0001" name="test_stage_returns_none_and_mutates_context" time="0.001" /><testcase classname="tests.unit.test_assertions_rewriter_stages_0001" name="test_in_and_not_in_and_collection_equal" time="0.003" /><testcase classname="tests.unit.test_converter_helpers_manager_stages_0001" name="test_stage_returns_non_dict" time="0.001" /><testcase classname="tests.unit.test_converter_fixtures_0001" name="test_autocreated_file_fixture_calls_write_text" time="0.002" /><testcase classname="tests.unit.test_assertions_rewriter_stages_0001" name="test_trailing_msg_is_removed_from_assert_equal" time="0.002" /><testcase classname="tests.unit.test_assertions_rewriter_stages_0001" name="test_isinstance_and_not_isinstance" time="0.002" /><testcase classname="tests.unit.test_assertions_core_rewriter_stages_0001" name="test_assert_equal_rewrites_to_comparison" time="0.001" /><testcase classname="tests.unit.test_converter_fixtures_0001" name="test_create_fixture_for_attribute_delegates_to_cleanup_or_guard" time="0.002" /><testcase classname="tests.unit.test_assertions_rewriter_stages_0001" name="test_assert_is_none_literal_guard_and_expr" time="0.002" /><testcase classname="tests.unit.test_converter_helpers_manager_stages_0001" name="test_is_self_call_nested_attribute" time="0.001" /><testcase classname="tests.unit.test_converter_helpers_parameters_0001" name="test_should_remove_first_param_self" time="0.001" /><testcase classname="tests.unit.test_assertions_rewriter_stages_0001" name="test_comparison_variants" time="0.003" /><testcase classname="tests.unit.test_assertions_core_rewriter_stages_0001" name="test_assert_true_and_false_rewrite" time="0.001" /><testcase classname="tests.unit.test_converter_fixtures_0001" name="test_create_simple_fixture_literal_has_return_annotation" time="0.001" /><testcase classname="tests.unit.test_converter_helpers_parameters_0001" name="test_should_remove_first_param_classmethod" time="0.001" /><testcase classname="tests.unit.test_converter_fixtures_0001" name="test_create_simple_fixture_complex_binds_local_and_returns" time="0.001" /><testcase classname="tests.unit.test_assertions_rewriter_stages_0001" name="test_assert_is_and_is_not" time="0.002" /><testcase classname="tests.unit.test_converter_helpers_parameters_0001" name="test_should_not_remove_first_param_staticmethod" time="0.001" /><testcase classname="tests.unit.test_assertions_core_rewriter_stages_0001" name="test_assert_in_and_not_in__01" time="0.002" /><testcase classname="tests.unit.test_assertions_core_rewriter_stages_0001" name="test_assert_almost_equal_uses_pytest_approx" time="0.002" /><testcase classname="tests.unit.test_assertions_rewriter_stages_0001" name="test_almost_equal_with_numeric_third_positional_keeps_places" time="0.002" /><testcase classname="tests.unit.test_assertions_rewriter_stages_0001" name="test_multi_line_and_regex_variants_present" time="0.003" /><testcase classname="tests.unit.test_assertions_rewriter_stages_0001" name="test_assert_isinstance_and_not_isinstance" time="0.002" /><testcase classname="tests.unit.test_converter_helpers_parameters_0001" name="test_remove_method_self_references_removes_self_attr" time="0.002" /><testcase classname="tests.unit.test_converter_fixtures_0001" name="test_create_fixture_with_cleanup_replaces_attr_references__01" time="0.002" /><testcase classname="tests.unit.test_converter_fixtures_0001" name="test_create_autocreated_file_fixture_params_and_body" time="0.001" /><testcase classname="tests.unit.test_assertions_rewriter_stages_0001" name="test_assert_almost_equal_default_uses_approx_and_requires_pytest" time="0.002" /><testcase classname="tests.unit.test_converter_helpers_parameters_0001" name="test_normalize_method_name" time="0.001" /><testcase classname="tests.unit.test_converter_helpers_parameters_0001" name="test_parse_method_patterns" time="0.001" /><testcase classname="tests.unit.test_assertions_rewriter_stages_0001" name="test_assert_false_converts_to_not_expression" time="0.002" /><testcase classname="tests.unit.test_assertions_core_rewriter_stages_0001" name="test_assert_raises_context_manager_to_pytest_raises__01" time="0.002" /><testcase classname="tests.unit.test_assertions_main_rewriter_stages_0001" name="test_transformer_pattern_adders_and_checks" time="0.001" /><testcase classname="tests.unit.test_converter_fixtures_0001" name="test_create_fixture_for_attribute_prefers_cleanup_when_present" time="0.002" /><testcase classname="tests.unit.test_cli_backup_path_validation_0001" name="test_backup_root_path_warns" time="0.013" /><testcase classname="tests.unit.test_converter_fixtures_pipeline_stages_0001" name="test_assert_raises_converts_and_injects_pytest_import" time="0.015" /><testcase classname="tests.unit.test_converter_fixtures_0001" name="test_create_simple_fixture_with_guard_call_func_equal_attr_triggers_guard" time="0.001" /><testcase classname="tests.unit.test_converter_fixtures_0001" name="test_create_simple_fixture_with_guard_detects_self_referential_subscript" time="0.001" /><testcase classname="tests.unit.test_converter_fixtures_0001" name="test_autocreated_file_fixture_filename_repr_check" time="0.001" /><testcase classname="tests.unit.test_converter_helpers_parameters_0001" name="test_has_meaningful_changes_ast_vs_text" time="0.002" /><testcase classname="tests.unit.test_converter_imports_0001" name="test_add_pytest_import_inserts_after_docstring" time="0.001" /><testcase classname="tests.unit.test_assertions_main_rewriter_stages_0001" name="test_is_self_call_and_pytest_import_add_and_add_pytest_import" time="0.012" /><testcase classname="tests.unit.test_converter_imports_0001" name="test_add_pytest_import_after_existing_imports" time="0.001" /><testcase classname="tests.unit.test_converter_fixtures_0001" name="test_choose_unique_name_collision" time="0.001" /><testcase classname="tests.unit.test_converter_fixtures_0001" name="test_create_fixture_with_cleanup_unique_name_on_collision" time="0.002" /><testcase classname="tests.unit.test_converter_fixtures_0001" name="test_infer_primitives_and_containers_return_annotations" time="0.001" /><testcase classname="tests.unit.test_converter_fixtures_0001" name="test_infer_simple_return_annotation_literals" time="0.001" /><testcase classname="tests.unit.test_converter_imports_0001" name="test_remove_unittest_importfrom_removes" time="0.001" /><testcase classname="tests.unit.test_converter_fixtures_0001" name="test_create_simple_fixture_with_guard_attribute_self_vs_chain" time="0.002" /><testcase classname="tests.unit.test_converter_imports_0001" name="test_remove_unittest_import_keeps_other" time="0.001" /><testcase classname="tests.unit.test_converter_imports_0001" name="test_remove_unittest_import_removes_unittest_alias" time="0.001" /><testcase classname="tests.unit.test_converter_fixtures_0001" name="test_autocreated_file_fixture_default_filename_and_write_arg" time="0.001" /><testcase classname="tests.unit.test_cli_backup_path_validation_0001" name="test_backup_resolve_failure_handles_exception" time="0.011" /><testcase classname="tests.unit.test_converter_imports_0001" name="test_has_pytest_import_true_for_import" time="0.001" /><testcase classname="tests.unit.test_converter_fixtures_0001" name="test_create_simple_fixture_fallback_binds_local" time="0.005" /><testcase classname="tests.unit.test_converter_fixtures_0001" name="test_reserved_name_avoids_collision" time="0.001" /><testcase classname="tests.unit.test_converter_imports_0001" name="test_has_pytest_import_true_for_importfrom" time="0.001" /><testcase classname="tests.unit.test_assertions_main_rewriter_stages_0001" name="test_assertion_rewriter_with_and_regex_conversions" time="0.003" /><testcase classname="tests.unit.test_converter_fixtures_0001" name="test_create_simple_fixture_with_guard_call_wrapped" time="0.001" /><testcase classname="tests.unit.test_converter_imports_0001" name="test_has_pytest_import_false" time="0.001" /><testcase classname="tests.unit.test_converter_fixtures_0001" name="test_create_simple_fixture_with_guard_self_reference" time="0.001" /><testcase classname="tests.unit.test_converter_imports_0001" name="test_add_pytest_import_inserts_after_docstring_and_imports" time="0.001" /><testcase classname="tests.unit.test_converter_fixtures_pipeline_stages_0001" name="test_parse_setup_assignments_empty_and_nonempty" time="0.002" /><testcase classname="tests.unit.test_converter_fixtures_0001" name="test_create_fixture_for_attribute_fallbacks_when_guard_missing" time="0.001" /><testcase classname="tests.unit.test_converter_fixtures_0001" name="test_create_autocreated_file_fixture_variants" time="0.002" /><testcase classname="tests.unit.test_converter_imports_0001" name="test_add_pytest_import_no_duplicate" time="0.001" /><testcase classname="tests.unit.test_converter_fixtures_0001" name="test_infer_container_annotations" time="0.001" /><testcase classname="tests.unit.test_assertions_rewriter_stages_0001" name="test_assert_equal_conversion" time="0.001" /><testcase classname="tests.unit.test_converter_imports_0001" name="test_add_pytest_import_in_top_when_no_imports" time="0.001" /><testcase classname="tests.unit.test_converter_fixtures_0001" name="test_infer_float_and_string_annotations" time="0.001" /><testcase classname="tests.unit.test_converter_fixtures_stages_0001" name="test_create_simple_fixture_int" time="0.001" /><testcase classname="tests.unit.test_cli_converter_core_helpers_0001" name="test_normalize_method_name_camel_to_snake" time="0.001" /><testcase classname="tests.unit.test_cli_converter_core_helpers_0001" name="test_parse_method_patterns_various_inputs" time="0.001" /><testcase classname="tests.unit.test_converter_fixtures_0001" name="test_create_fixture_for_attribute_delegates_to_cleanup_and_guard" time="0.002" /><testcase classname="tests.unit.test_converter_fixtures_0001" name="test_choose_unique_name_collision_with_existing_cleanup" time="0.001" /><testcase classname="tests.unit.test_assertions_rewriter_stages_0001" name="test_assert_true_conversion" time="0.001" /><testcase classname="tests.unit.test_assertions_rewriter_stages_0001" name="test_with_assert_raises_converted_to_pytest" time="0.001" /><testcase classname="tests.unit.test_converter_fixtures_stages_0001" name="test_find_insertion_index_after_import" time="0.001" /><testcase classname="tests.unit.test_converter_imports_0001" name="test_has_pytest_import_true_and_false" time="0.001" /><testcase classname="tests.unit.test_converter_fixtures_0001" name="test_create_simple_fixture_simple_literal_annotation_and_return" time="0.001" /><testcase classname="tests.unit.test_converter_fixtures_0001" name="test_create_simple_fixture_with_guard_attribute_chain_not_self_ref" time="0.001" /><testcase classname="tests.unit.test_cli_core_0001" name="test_cli_dry_run_respects_patterns" time="0.022" /><testcase classname="tests.unit.test_converter_fixtures_0001" name="test_create_autocreated_file_fixture_defaults" time="0.002" /><testcase classname="tests.unit.test_converter_fixtures_0001" name="test_create_fixture_with_cleanup_replaces_attr_name_in_cleanup" time="0.002" /><testcase classname="tests.unit.test_converter_imports_0001" name="test_add_pytest_import_empty_module" time="0.001" /><testcase classname="tests.unit.test_converter_imports_0001" name="test_add_pytest_import_after_docstring_and_after_imports" time="0.001" /><testcase classname="tests.unit.test_converter_fixtures_stages_0001" name="test_fixture_injector_stage_inserts_nodes" time="0.001" /><testcase classname="tests.unit.test_converter_fixtures_0001" name="test_create_fixture_with_cleanup_name_collision" time="0.002" /><testcase classname="tests.unit.test_converter_helpers_0001" name="test_is_self_call_positive" time="0.001" /><testcase classname="tests.unit.test_converter_helpers_0001" name="test_is_self_call_negative" time="0.001" /><testcase classname="tests.unit.test_converter_imports_0001" name="test_add_pytest_import_idempotent" time="0.001" /><testcase classname="tests.unit.test_converter_fixtures_0001" name="test_create_autocreated_file_fixture_write_args_inspected" time="0.002" /><testcase classname="tests.unit.test_converter_helpers_0001" name="test_normalize_method_name_handles_camel_and_snake" time="0.001" /><testcase classname="tests.unit.test_converter_imports_0001" name="test_remove_unittest_import_and_importfrom" time="0.001" /><testcase classname="tests.unit.test_converter_helpers_0001" name="test_parse_method_patterns_handles_none_commas_and_duplicates" time="0.001" /><testcase classname="tests.unit.test_converter_imports_0001" name="test_add_pytest_import_with_alias_and_from_variants" time="0.001" /><testcase classname="tests.unit.test_converter_imports_0001" name="test_make_pytest_import_stmt_code" time="0.001" /><testcase classname="tests.unit.test_converter_fixtures_0001" name="test_create_simple_fixture_with_guard_variants[expr0-True]" time="0.001" /><testcase classname="tests.unit.test_converter_helpers_0001" name="test_self_reference_remover_rewrites_attribute_accesses_in_expr_and_module" time="0.002" /><testcase classname="tests.unit.test_converter_fixtures_0001" name="test_collect_identifiers_from_statements_and_choose_unique_name_no_collision" time="0.002" /><testcase classname="tests.unit.test_converter_fixtures_0001" name="test_create_simple_fixture_with_guard_variants[expr1-True]" time="0.001" /><testcase classname="tests.unit.test_converter_imports_0001" name="test_add_pytest_import_after_docstring_only_module" time="0.001" /><testcase classname="tests.unit.test_core_0001.TestBasicAssertions" name="test_assert_not_is_instance_conversion" time="0.024" /><testcase classname="tests.unit.test_converter_helpers_0001" name="test_has_meaningful_changes_detects_formatting_and_semantic_differences" time="0.003" /><testcase classname="tests.unit.test_converter_fixtures_0001" name="test_create_simple_fixture_with_guard_variants[expr2-True]" time="0.001" /><testcase classname="tests.unit.test_converter_fixtures_0001" name="test_infer_simple_return_annotation_containers" time="0.001" /><testcase classname="tests.unit.test_converter_imports_0001" name="test_add_pytest_import_after_docstring_and_imports" time="0.001" /><testcase classname="tests.unit.test_converter_imports_0001" name="test_add_pytest_import_idempotent_when_present" time="0.001" /><testcase classname="tests.unit.test_converter_fixtures_0001" name="test_create_simple_fixture_with_guard_variants[expr3-True]" time="0.001" /><testcase classname="tests.unit.test_converter_imports_0001" name="test_has_and_add_pytest_import_when_missing" time="0.001" /><testcase classname="tests.unit.test_converter_helpers_0001" name="test_core_exports" time="0.001" /><testcase classname="tests.unit.test_converter_fixtures_0001" name="test_attribute_chain_does_not_trigger_guard" time="0.001" /><testcase classname="tests.unit.test_converter_fixtures_0001" name="test_infer_none_and_collect_identifiers_handles_bad_stmt" time="0.002" /><testcase classname="tests.unit.test_converter_fixtures_0001" name="test_create_simple_fixture_with_guard_variants[expr4-True]" time="0.001" /><testcase classname="tests.unit.test_converter_fixtures_0001" name="test_create_simple_fixture_with_guard_variants[expr5-False]" time="0.001" /><testcase classname="tests.unit.test_converter_helpers_0001" name="test_parse_method_patterns_various" time="0.001" /><testcase classname="tests.unit.test_converter_imports_0001" name="test_remove_unittest_importfrom_and_import" time="0.001" /><testcase classname="tests.unit.test_converter_fixtures_0001" name="test_is_self_referential_subscript_index_hits_true" time="0.001" /><testcase classname="tests.unit.test_converter_manager_stages_0001" name="test_build_pytest_fixture_no_kwargs" time="0.001" /><testcase classname="tests.unit.test_converter_fixtures_0001" name="test_create_fixture_for_attribute_fallbacks_to_simple_when_guard_unavailable" time="0.001" /><testcase classname="tests.unit.test_converter_helpers_0001" name="test_has_meaningful_changes_formatting_only" time="0.002" /><testcase classname="tests.unit.test_cli_core_exceptions_main_0001" name="test_reload_sets_diagnostics_logger" time="0.003" /><testcase classname="tests.unit.test_converter_fixtures_0001" name="test_create_simple_fixture_none_fallback" time="0.001" /><testcase classname="tests.unit.test_converter_manager_stages_0001" name="test_build_pytest_fixture_with_kwargs" time="0.001" /><testcase classname="tests.unit.test_converter_manager_stages_0001" name="test_stage_manager_register_run_dump" time="0.001" /><testcase classname="tests.unit.test_converter_helpers_0001" name="test_has_meaningful_changes_real_change" time="0.002" /><testcase classname="tests.unit.test_converter_fixtures_0001" name="test_build_fixtures_from_setup_assignments_creates_simple_and_cleanup" time="0.003" /><testcase classname="tests.unit.test_converter_naming_0001" name="test_replace_attribute_and_keep_unrelated" time="0.001" /><testcase classname="tests.unit.test_converter_helpers_0001" name="test_normalize_method_name_edge_cases" time="0.001" /><testcase classname="tests.unit.test_converter_naming_0001" name="test_replace_only_attribute_occurrences" time="0.001" /><testcase classname="tests.unit.test_cli_core_exceptions_main_0001" name="test_verbose_dry_run_shows_all_diff_summary_branches" time="0.004" /><testcase classname="tests.unit.test_converter_naming_0001" name="test_replace_names_in_statements_replaces_attr_and_name" time="0.001" /><testcase classname="tests.unit.test_converter_fixtures_0001" name="test_create_simple_fixture_structure_and_decorator" time="0.001" /><testcase classname="tests.unit.test_converter_helpers_imports_0001" name="test_self_reference_remover_replaces_self_attr" time="0.001" /><testcase classname="tests.unit.test_converter_parameters_0001" name="test_should_remove_for_instance_method" time="0.001" /><testcase classname="tests.unit.test_converter_helpers_imports_0001" name="test_remove_unittest_importfrom_and_import" time="0.002" /><testcase classname="tests.unit.test_cli_core_exceptions_main_0001" name="test_splurge_error_is_caught_and_reports" time="0.004" /><testcase classname="tests.unit.test_converter_fixtures_0001" name="test_create_fixture_with_cleanup_replaces_names_and_yields" time="0.003" /><testcase classname="tests.unit.test_converter_parameters_0001" name="test_should_not_remove_for_staticmethod" time="0.001" /><testcase classname="tests.unit.test_converter_helpers_imports_naming_parameters_0001" name="test_replace_names_handles_cls_attribute_and_bare_name" time="0.002" /><testcase classname="tests.unit.test_core_0001.TestBasicAssertions" name="test_assert_greater_equal_conversion" time="0.011" /><testcase classname="tests.unit.test_converter_parameters_0001" name="test_should_remove_for_classmethod" time="0.001" /><testcase classname="tests.unit.test_converter_fixtures_0001" name="test_make_autouse_attach_to_instance_fixture_builds_setters" time="0.003" /><testcase classname="tests.unit.test_cli_core_exceptions_main_0001" name="test_unexpected_exception_is_reported" time="0.004" /><testcase classname="tests.unit.test_converter_parameters_0001" name="test_remove_method_self_references_removes_param_and_references" time="0.002" /><testcase classname="tests.unit.test_converter_fixtures_0001" name="test_infer_float_and_simple_name_behavior" time="0.001" /><testcase classname="tests.unit.test_converter_helpers_imports_naming_parameters_0001" name="test_remove_unittest_import_removes_import_node" time="0.001" /><testcase classname="tests.unit.test_converter_parameters_0001" name="test_append_fixture_params_preserves_existing" time="0.001" /><testcase classname="tests.unit.test_converter_fixtures_0001" name="test_add_autouse_attach_fixture_to_module_inserts_after_pytest_import" time="0.003" /><testcase classname="tests.unit.test_converter_helpers_imports_naming_parameters_0001" name="test_has_pytest_import_detects_from_import" time="0.001" /><testcase classname="tests.unit.test_cli_core_exceptions_main_0001" name="test_convert_file_errors_printed_and_exit" time="0.004" /><testcase classname="tests.unit.test_converter_parameters_0001" name="test_should_remove_first_param_simple" time="0.001" /><testcase classname="tests.unit.test_converter_helpers_imports_naming_parameters_0001" name="test_append_fixture_params_preserves_existing" time="0.001" /><testcase classname="tests.unit.test_core_0001.TestExampleFiles" name="test_conversion_compiles[unittest_10.txt]" time="0.031" /><testcase classname="tests.unit.test_converter_parameters_0001" name="test_should_not_remove_staticmethod" time="0.001" /><testcase classname="tests.unit.test_converter_parameters_0001" name="test_remove_method_self_references_removes_param_and_rewrites_body" time="0.001" /><testcase classname="tests.unit.test_converter_fixtures_0001" name="test_create_fixture_for_attribute_dispatches_to_cleanup_or_simple" time="0.002" /><testcase classname="tests.unit.test_cli_exceptions_main_0001" name="test_dry_run_verbose_shows_diff_and_summary" time="0.004" /><testcase classname="tests.unit.test_converter_fixtures_0002" name="test_build_fixture_body_with_simple_literal_preserves_cleanup" time="0.001" /><testcase classname="tests.unit.test_converter_helpers_imports_naming_parameters_0001" name="test_parse_method_patterns_dedupes_and_splits" time="0.001" /><testcase classname="tests.unit.test_converter_helpers_imports_parameters_0001" name="test_normalize_method_name_and_parse_patterns" time="0.001" /><testcase classname="tests.unit.test_core_0001.TestBasicAssertions" name="test_assert_less_conversion" time="0.018" /><testcase classname="tests.unit.test_converter_helpers_imports_parameters_0001" name="test_has_meaningful_changes_text_and_ast" time="0.002" /><testcase classname="tests.unit.test_converter_fixtures_0002" name="test_build_fixture_body_with_complex_value_assigns_and_rewrites_cleanup" time="0.002" /><testcase classname="tests.unit.test_cli_exceptions_main_0001" name="test_backup_creation_and_warning_on_failure" time="0.005" /><testcase classname="tests.unit.test_converter_helpers_imports_parameters_0001" name="test_has_pytest_import_and_add" time="0.003" /><testcase classname="tests.unit.test_converter_fixtures_manager_stages_0001" name="test_build_pytest_fixture_decorator_various_values" time="0.002" /><testcase classname="tests.unit.test_converter_helpers_imports_parameters_0001" name="test_params_helpers" time="0.001" /><testcase classname="tests.unit.test_cli_exceptions_main_0001" name="test_pattern_configurator_verbose_output" time="0.004" /><testcase classname="tests.unit.test_converter_fixtures_manager_stages_0001" name="test_create_simple_fixture_more_types" time="0.002" /><testcase classname="tests.unit.test_cli_exceptions_main_0001" name="test_dry_run_parse_error_is_handled" time="0.004" /><testcase classname="tests.unit.test_converter_helpers_imports_stages_tidy_0001" name="test_has_meaningful_changes_with_normalizer_exception" time="0.001" /><testcase classname="tests.unit.test_converter_fixtures_manager_stages_0001" name="test_stage_manager_diagnostics_writes_snapshots" time="0.007" /><testcase classname="tests.unit.test_core_0001" name="test_generator_core_make_fixture" time="0.001" /><testcase classname="tests.unit.test_core_0001.TestExceptionHandling" name="test_assert_raises_conversion" time="0.016" /><testcase classname="tests.unit.test_converter_parameters_0001" name="test_get_fixture_param_names_order" time="0.001" /><testcase classname="tests.unit.test_cli_exceptions_main_0002" name="test_backup_success_and_converted_verbose" time="0.006" /><testcase classname="tests.unit.test_converter_fixtures_pipeline_stages_0001" name="test_pattern_matching_helpers" time="0.001" /><testcase classname="tests.unit.test_core_diagnostics_manager_stages_0001" name="test_register_and_run_writes_stage_snapshot" time="0.006" /><testcase classname="tests.unit.test_core_diagnostics_0001" name="test_find_most_recent_run_empty" time="0.004" /><testcase classname="tests.unit.test_converter_fixtures_pipeline_stages_0001" name="test_remove_unittest_main_guard_with_pipeline" time="0.010" /><testcase classname="tests.unit.test_core_diagnostics_0001" name="test_find_most_recent_run_picks_latest" time="0.005" /><testcase classname="tests.unit.test_core_0001.TestExampleFiles" name="test_conversion_compiles[unittest_11.txt]" time="0.025" /><testcase classname="tests.unit.test_cli_exceptions_main_0002" name="test_permission_denied_error_is_reported" time="0.003" /><testcase classname="tests.unit.test_core_diagnostics_manager_stages_0001" name="test_stage_manager_writes_snapshots" time="0.007" /><testcase classname="tests.unit.test_cli_exceptions_main_0002" name="test_encoding_error_is_reported" time="0.003" /><testcase classname="tests.unit.test_core_diagnostics_0001" name="test_print_run_info_and_main" time="0.008" /><testcase classname="tests.unit.test_converter_parameters_0001" name="test_make_fixture_params_creates_params" time="0.001" /><testcase classname="tests.unit.test_converter_parameters_0001" name="test_append_fixture_params_preserves_existing__01" time="0.001" /><testcase classname="tests.unit.test_core_0001.TestExceptionHandling" name="test_assert_raises_regex_conversion" time="0.019" /><testcase classname="tests.unit.test_core_0001.TestMixedUnittestPytestFiles" name="test_mixed_conversion[unittest_pytest_04.txt]" time="0.035" /><testcase classname="tests.unit.test_core_diagnostics_manager_stages_0001" name="test_diagnostics_flag_variants" time="0.002" /><testcase classname="tests.unit.test_converter_teardown_0001" name="test_simple_statement_line_match" time="0.001" /><testcase classname="tests.unit.test_converter_teardown_0001" name="test_if_test_expression_direct_match" time="0.001" /><testcase classname="tests.unit.test_converter_teardown_0001" name="test_if_inner_body_match_returns_enclosing_if" time="0.001" /><testcase classname="tests.unit.test_core_diagnostics_0001" name="test_main_no_runs" time="0.003" /><testcase classname="tests.unit.test_core_diagnostics_manager_stages_0001" name="test_write_snapshot_defensive" time="0.003" /><testcase classname="tests.unit.test_converter_teardown_0001" name="test_nested_orelse_if_replacement" time="0.001" /><testcase classname="tests.unit.test_converter_teardown_0001" name="test_indented_block_scans_inner_statements" time="0.001" /><testcase classname="tests.unit.test_converter_teardown_0001" name="test_references_attribute_on_attribute_and_name" time="0.001" /><testcase classname="tests.unit.test_core_diagnostics_manager_stages_0001" name="test_stage_manager_callable_object_without_name" time="0.005" /><testcase classname="tests.unit.test_core_diagnostics_0001" name="test_print_run_info_marker_read_failure_and_no_marker" time="0.005" /><testcase classname="tests.unit.test_converter_teardown_0001" name="test_references_in_call_and_args" time="0.001" /><testcase classname="tests.unit.test_converter_teardown_0001" name="test_references_in_subscript_and_container" time="0.001" /><testcase classname="tests.unit.test_converter_teardown_0001" name="test_references_in_binary_and_comparison" time="0.001" /><testcase classname="tests.unit.test_core_diagnostics_manager_stages_0001" name="test_dump_noop_when_diagnostics_disabled" time="0.002" /><testcase classname="tests.unit.test_core_diagnostics_0001" name="test_node_emitter_emit_fixture_node_basic" time="0.001" /><testcase classname="tests.unit.test_core_diagnostics_0001" name="test_node_emitter_emit_composite_dirs_node" time="0.002" /><testcase classname="tests.unit.test_core_0001.TestExampleFiles" name="test_conversion_compiles[unittest_12.txt]" time="0.029" /><testcase classname="tests.unit.test_converter_teardown_0001" name="test_simple_stmt_inspect_empty_and_various" time="0.001" /><testcase classname="tests.unit.test_core_diagnostics_manager_stages_0001" name="test_manager_no_snapshot_when_module_not_cst" time="0.004" /><testcase classname="tests.unit.test_core_diagnostics_0001" name="test_generator_core_make_fixture_basic" time="0.001" /><testcase classname="tests.integration.test_generator_imports_stages_0001" name="test_golden_tuple_fixture_matches_expected" time="0.015" /><testcase classname="tests.unit.test_converter_teardown_0002" name="test_associate_cleanup_with_fixtures_appends_and_extends" time="0.001" /><testcase classname="tests.unit.test_core_0001.TestClassStructure" name="test_unittest_testcase_removal" time="0.014" /><testcase classname="tests.unit.test_core_diagnostics_0001" name="test_print_diagnostics_find_and_print" time="0.005" /><testcase classname="tests.unit.test_converter_validation_0001" name="test_is_simple_fixture_value_true_for_literals" time="0.001" /><testcase classname="tests.unit.test_core_diagnostics_manager_stages_0001" name="test_write_snapshot_handles_code_property_exception" time="0.003" /><testcase classname="tests.unit.test_converter_validation_0001" name="test_is_simple_fixture_value_false_for_complex" time="0.001" /><testcase classname="tests.unit.test_core_0001.TestBasicAssertions" name="test_assert_equal_conversion" time="0.022" /><testcase classname="tests.unit.test_core_diagnostics_0001" name="test_find_diagnostics_root_cli_override" time="0.003" /><testcase classname="tests.unit.test_core_diagnostics_stages_0001" name="test_diagnostics_disabled_by_default" time="0.002" /><testcase classname="tests.unit.test_core_diagnostics_0001" name="test_find_diagnostics_root_env__01" time="0.003" /><testcase classname="tests.unit.test_core_diagnostics_stages_0001" name="test_diagnostics_create_and_write_snapshot" time="0.007" /><testcase classname="tests.integration.test_generator_stages_0001" name="test_generator_stage_basic_fixture_and_shutil_detection" time="0.002" /><testcase classname="tests.unit.test_core_diagnostics_0001" name="test_find_diagnostics_root_default" time="0.002" /><testcase classname="tests.unit.test_core_0001.TestClassStructure" name="test_setup_method_conversion" time="0.022" /><testcase classname="tests.unit.test_core_0001.TestMixedUnittestPytestFiles" name="test_mixed_conversion[unittest_pytest_05.txt]" time="0.035" /><testcase classname="tests.integration.test_generator_stages_0001" name="test_generator_creates_fixture_from_collector_and_handles_collision" time="0.007" /><testcase classname="tests.unit.test_core_diagnostics_0001" name="test_find_most_recent_run_none_for_missing_root" time="0.003" /><testcase classname="tests.unit.test_core_diagnostics_stages_0001" name="test_write_snapshot_logs_on_failure" time="0.004" /><testcase classname="tests.unit.test_core_diagnostics_0001" name="test_find_most_recent_run_picks_latest__01" time="0.005" /><testcase classname="tests.unit.test_core_diagnostics_stages_0001" name="test_diagnostics_root_override" time="0.004" /><testcase classname="tests.integration.test_generator_stages_0001" name="test_complex_cleanup_with_conditionals" time="0.005" /><testcase classname="tests.unit.test_core_0001.TestExampleFiles" name="test_conversion_compiles[unittest_13.txt]" time="0.020" /><testcase classname="tests.unit.test_core_exceptions_0001" name="test_hierarchy_is_correct" time="0.001" /><testcase classname="tests.unit.test_core_0001.TestBasicAssertions" name="test_assert_true_conversion" time="0.016" /><testcase classname="tests.unit.test_core_diagnostics_0001" name="test_print_run_info_with_markers_and_files" time="0.004" /><testcase classname="tests.unit.test_core_exceptions_0001" name="test_exception_str_and_repr_include_message[SplurgeError-base]" time="0.001" /><testcase classname="tests.integration.test_generator_stages_0001" name="test_namedtuple_bundling_from_same_call" time="0.006" /><testcase classname="tests.unit.test_core_exceptions_0001" name="test_exception_str_and_repr_include_message[ConversionError-convert fail]" time="0.001" /><testcase classname="tests.unit.test_core_exceptions_0001" name="test_exception_str_and_repr_include_message[ParseError-parse: bad]" time="0.001" /><testcase classname="tests.unit.test_core_diagnostics_0001" name="test_print_run_info_handles_read_error" time="0.005" /><testcase classname="tests.unit.test_core_exceptions_0001" name="test_exception_str_and_repr_include_message[FileOperationError-file op]" time="0.001" /><testcase classname="tests.unit.test_core_exceptions_0001" name="test_exception_str_and_repr_include_message[FileNotFoundError-missing file]" time="0.001" /><testcase classname="tests.integration.test_generator_stages_0001" name="test_yield_style_cleanup_rewrite" time="0.004" /><testcase classname="tests.unit.test_core_exceptions_0001" name="test_exception_str_and_repr_include_message[PermissionDeniedError-no perms]" time="0.001" /><testcase classname="tests.unit.test_core_0001.TestClassStructure" name="test_teardown_method_conversion" time="0.027" /><testcase classname="tests.unit.test_core_exceptions_0001" name="test_exception_str_and_repr_include_message[EncodingError-bad encoding]" time="0.001" /><testcase classname="tests.unit.test_core_exceptions_0001" name="test_exception_str_and_repr_include_message[BackupError-backup failed]" time="0.001" /><testcase classname="tests.unit.test_core_diagnostics_0001" name="test_main_no_runs__01" time="0.005" /><testcase classname="tests.unit.test_core_exceptions_stages_0001" name="test_raises_stage_needs_pytest_import_false_when_no_conversion" time="0.002" /><testcase classname="tests.integration.test_generator_stages_0001" name="test_parameterized_fixture_replaces_self_attr_with_param" time="0.044" /><testcase classname="tests.unit.test_core_exceptions_stages_0001" name="test_functional_regex_has_match_kwarg" time="0.004" /><testcase classname="tests.unit.test_core_0001.TestBasicAssertions" name="test_assert_false_conversion" time="0.015" /><testcase classname="tests.unit.test_core_0001.TestExampleFiles" name="test_conversion_compiles[unittest_14.txt]" time="0.061" /><testcase classname="tests.unit.test_core_diagnostics_0001" name="test_main_finds_and_prints_run" time="0.006" /><testcase classname="tests.unit.test_core_exceptions_stages_0001" name="test_context_manager_without_asname_converts_and_no_attribute_rewrite" time="0.002" /><testcase classname="tests.unit.test_core_diagnostics_manager_stages_0001" name="test_diagnostics_marker_and_dir_created" time="0.003" /><testcase classname="tests.unit.test_core_0001.TestMixedUnittestPytestFiles" name="test_mixed_conversion[unittest_pytest_06.txt]" time="0.030" /><testcase classname="tests.unit.test_core_exceptions_stages_0001" name="test_function_param_shadowing_prevents_attribute_rewrite" time="0.007" /><testcase classname="tests.unit.test_core_diagnostics_manager_stages_0001" name="test_dump_initial_and_final_create_files" time="0.007" /><testcase classname="tests.unit.test_core_exceptions_stages_0001" name="test_assertRaisesRegex_without_pattern_falls_back_no_match_kwarg" time="0.003" /><testcase classname="tests.unit.test_core_0001.TestBasicAssertions" name="test_assert_is_none_conversion" time="0.019" /><testcase classname="tests.unit.test_core_diagnostics_manager_stages_0001" name="test_no_diagnostics_when_disabled" time="0.001" /><testcase classname="tests.unit.test_core_0001.TestClassStructure" name="test_setup_teardown_fixture_integration" time="0.081" /><testcase classname="tests.unit.test_core_exceptions_stages_0001" name="test_non_self_assertRaises_not_converted" time="0.003" /><testcase classname="tests.unit.test_core_exceptions_0001" name="test_can_raise_and_catch_specific_and_broad" time="0.001" /><testcase classname="tests.unit.test_core_exceptions_0001" name="test_default_message_when_empty" time="0.001" /><testcase classname="tests.unit.test_core_exceptions_stages_0001" name="test_exception_attr_rewriter_rewrites_simple_attribute" time="0.002" /><testcase classname="tests.unit.test_core_exceptions_stages_0001" name="test_simple_statement_multiple_small_statements_not_converted" time="0.002" /><testcase classname="tests.unit.test_core_exceptions_stages_0001" name="test_exception_attr_rewriter_respects_shadowing_in_function" time="0.002" /><testcase classname="tests.unit.test_core_exceptions_stages_0001" name="test_raises_stage_uses_transformer_collected_names_for_non_toplevel_with" time="0.004" /><testcase classname="tests.unit.test_core_exceptions_stages_0001" name="test_exception_attr_rewriter_respects_lambda_shadowing" time="0.002" /><testcase classname="tests.unit.test_core_exceptions_stages_0001" name="test_raises_rewriter_context_manager_and_attribute_rewrite" time="0.003" /><testcase classname="tests.unit.test_core_exceptions_stages_0001" name="test_simple_statement_line_non_conversion_when_info_none" time="0.002" /><testcase classname="tests.unit.test_core_exceptions_stages_0001" name="test_is_assert_raises_call_negative_branches" time="0.002" /><testcase classname="tests.unit.test_core_0001.TestMixedUnittestPytestFiles" name="test_mixed_conversion[unittest_pytest_07.txt]" time="0.049" /><testcase classname="tests.unit.test_core_exceptions_stages_0001" name="test_raises_rewriter_functional_form_transforms_to_with" time="0.004" /><testcase classname="tests.unit.test_core_0001.TestBasicAssertions" name="test_assert_in_conversion" time="0.017" /><testcase classname="tests.unit.test_core_exceptions_stages_0001" name="test_raises_stage_integration_exercises_many_branches" time="0.041" /><testcase classname="tests.integration.test_import_injector_golden_0001" name="test_import_injector_matches_golden" time="0.021"><skipped type="pytest.xfail" message="Injector alone no longer yields full conversion; use full pipeline for golden compare" /></testcase><testcase classname="tests.unit.test_core_exceptions_stages_0001" name="test_raises_rewriter_regex_uses_match_keyword" time="0.005" /><testcase classname="tests.unit.test_core_exceptions_stages_0001" name="test_exception_attr_rewriter_respects_shadowing" time="0.004" /><testcase classname="tests.unit.test_core_exceptions_stages_0001" name="test_with_asname_and_without_asname_conversion" time="0.003" /><testcase classname="tests.unit.test_core_0001.TestBasicAssertions" name="test_assert_is_instance_conversion" time="0.017" /><testcase classname="tests.unit.test_core_exceptions_stages_0001" name="test_functional_assertRaises_to_with_conversion" time="0.004" /><testcase classname="tests.unit.test_core_0001.TestExampleFiles" name="test_conversion_compiles[unittest_15.txt]" time="0.021" /><testcase classname="tests.unit.test_core_exceptions_stages_0001" name="test_assertRaisesRegex_match_keyword_added" time="0.006" /><testcase classname="tests.unit.test_core_exceptions_stages_0001" name="test_comprehension_and_lambda_scope_binding" time="0.004" /><testcase classname="tests.unit.test_core_0001.TestBasicAssertions" name="test_assert_greater_conversion" time="0.013" /><testcase classname="tests.unit.test_core_exceptions_stages_0001" name="test_exception_attr_rewriter_rewrites_unshadowed" time="0.005" /><testcase classname="tests.unit.test_core_exceptions_stages_0001" name="test_functional_non_regex_creates_with_and_sets_made_changes" time="0.003" /><testcase classname="tests.unit.test_core_exceptions_stages_0001" name="test_exception_attr_rewriter_respects_posonly_and_kwonly_params" time="0.005" /><testcase classname="tests.unit.test_core_0001.TestExampleFiles" name="test_conversion_compiles[unittest_16.txt]" time="0.021" /><testcase classname="tests.unit.test_core_exceptions_stages_0001" name="test_functional_short_args_no_change" time="0.002" /><testcase classname="tests.unit.test_core_0001.TestMixedUnittestPytestFiles" name="test_mixed_conversion[unittest_pytest_08.txt]" time="0.033" /><testcase classname="tests.unit.test_core_exceptions_stages_0001" name="test_raises_stage_returns_needs_pytest_import_true_for_conversion" time="0.004" /><testcase classname="tests.unit.test_core_exceptions_stages_0001" name="test_exceptioninfo_normalizer_stage_applies_rewriter" time="0.005" /><testcase classname="tests.unit.test_core_0001.TestBasicAssertions" name="test_assert_less_equal_conversion" time="0.014" /><testcase classname="tests.unit.test_core_exceptions_stages_0001" name="test_exceptioninfo_normalizer_stage_lambda_shadowing" time="0.006" /><testcase classname="tests.unit.test_core_exceptions_stages_0001" name="test_listcomp_scope_binding_prevents_rewrite" time="0.007" /><testcase classname="tests.unit.test_core_0001.TestClassStructure" name="test_teardown_triggers_yield_fixture_for_temp_dir" time="0.045" /><testcase classname="tests.unit.test_core_exceptions_stages_0001" name="test_raises_stage_no_module_returns_empty" time="0.001" /><testcase classname="tests.unit.test_core_0001.TestBasicAssertions" name="test_assert_not_equal_conversion" time="0.017" /><testcase classname="tests.unit.test_core_exceptions_stages_0001" name="test_raises_rewriter_with_context_manager" time="0.006" /><testcase classname="tests.unit.test_core_exceptions_stages_0001" name="test_exceptioninfo_normalizer_stage_no_module_returns_empty" time="0.001" /><testcase classname="tests.unit.test_core_0001.TestExampleFiles" name="test_conversion_compiles[unittest_17.txt]" time="0.031" /><testcase classname="tests.unit.test_core_exceptions_stages_0001" name="test_with_name_item_not_converted" time="0.004" /><testcase classname="tests.unit.test_core_exceptions_stages_0001" name="test_raises_rewriter_functional_form" time="0.004" /><testcase classname="tests.unit.test_core_exceptions_stages_0001" name="test_functional_non_self_call_not_converted" time="0.003" /><testcase classname="tests.unit.test_core_exceptions_stages_0001" name="test_exception_attr_rewriter_and_shadowing" time="0.003" /><testcase classname="tests.unit.test_core_generator_stages_0001" name="test_generator_empty_context" time="0.001" /><testcase classname="tests.unit.test_core_generator_stages_0001" name="test_is_literal_checks" time="0.001" /><testcase classname="tests.unit.test_core_exceptions_stages_0001" name="test_raises_stage_integration_sets_import_flag_and_normalizes_attrs" time="0.006" /><testcase classname="tests.unit.test_core_0001.TestMixedUnittestPytestFiles" name="test_mixed_conversion[unittest_pytest_09.txt]" time="0.058" /><testcase classname="tests.unit.test_core_0001.TestBasicAssertions" name="test_assert_is_not_none_conversion" time="0.016" /><testcase classname="tests.unit.test_core_generator_stages_0001" name="test_generator_creates_fixture_for_dir_like" time="0.008" /><testcase classname="tests.unit.test_core_exceptions_stages_0001" name="test_assertRaisesRegex_context_and_functional_variants" time="0.005" /><testcase classname="tests.unit.test_core_generator_stages_0001" name="test_generator_stage_alias_empty" time="0.001" /><testcase classname="tests.unit.test_core_imports_stages_0001" name="test_explicit_flags_but_not_needed_returns_module" time="0.001" /><testcase classname="tests.unit.test_core_imports_stages_0001" name="test_unittest_already_imported_prevents_unittest_insertion" time="0.002" /><testcase classname="tests.unit.test_core_exceptions_stages_0005" name="test_simplestatement_call_not_assertRaises_is_not_transformed" time="0.003" /><testcase classname="tests.unit.test_core_0001.TestBasicAssertions" name="test_assert_not_in_conversion" time="0.022" /><testcase classname="tests.unit.test_core_0001.TestExampleFiles" name="test_conversion_compiles[unittest_18.txt]" time="0.024" /><testcase classname="tests.unit.test_core_imports_stages_0001" name="test_preferred_order_inserts_shutil_and_json_after_pytest" time="0.001" /><testcase classname="tests.unit.test_core_exceptions_stages_0006" name="test_context_manager_regex_sets_match_kw_and_needs_import" time="0.009" /><testcase classname="tests.integration.test_main_0001" name="test_convert_and_import_all_data_files" time="6.248" /><testcase classname="tests.unit.test_core_imports_stages_0001" name="test_pathlib_deduplication_when_existing" time="0.002" /><testcase classname="tests.unit.test_core_0001.TestImportHandling" name="test_unittest_import_removal" time="0.017" /><testcase classname="tests.unit.test_core_imports_stages_0002" name="test_no_module_returns_empty" time="0.001" /><testcase classname="tests.unit.test_core_imports_stages_0002" name="test_default_inserts_pytest_when_no_flags" time="0.002" /><testcase classname="tests.unit.test_core_exceptions_stages_0006" name="test_functional_assertRaisesRegex_transforms_via_simplestatementline" time="0.006" /><testcase classname="tests.unit.test_core_imports_stages_0002" name="test_inserts_after_docstring" time="0.002" /><testcase classname="tests.unit.test_core_imports_stages_0002" name="test_does_not_duplicate_existing_imports" time="0.002" /><testcase classname="tests.unit.test_core_exceptions_stages_0007" name="test_stage_reports_needs_pytest_import_for_simple_with" time="0.006" /><testcase classname="tests.unit.test_core_imports_stages_0002" name="test_typing_and_pathlib_insertion_and_merge" time="0.003" /><testcase classname="tests.unit.test_core_exceptions_stages_0001" name="test_lambda_param_shadowing_no_rewrite" time="0.010" /><testcase classname="tests.unit.test_core_0001.TestExampleFiles" name="test_conversion_compiles[unittest_19.txt]" time="0.045" /><testcase classname="tests.unit.test_core_0001.TestImportHandling" name="test_pytest_import_addition" time="0.025" /><testcase classname="tests.unit.test_core_imports_stages_0002" name="test_merge_into_existing_typing_import" time="0.002" /><testcase classname="tests.unit.test_core_exceptions_stages_0007" name="test_functional_assertRaisesRegex_transforms_to_with_with_match_and_body" time="0.007" /><testcase classname="tests.unit.test_core_imports_stages_0002" name="test_detects_pytest_usage_in_module_text" time="0.003" /><testcase classname="tests.unit.test_core_exceptions_stages_0001" name="test_non_assertRaises_with_unchanged" time="0.004" /><testcase classname="tests.unit.test_core_main_0001" name="test_init_api_rhs_preserved" time="0.242" /><testcase classname="tests.unit.test_core_exceptions_stages_0007" name="test_exceptioninfo_normalizer_handles_multiple_with_asnames" time="0.011" /><testcase classname="tests.unit.test_core_exceptions_stages_0001" name="test_withitem_asname_preserved" time="0.004" /><testcase classname="tests.unit.test_core_0001.TestMixedUnittestPytestFiles" name="test_mixed_conversion[unittest_pytest_10.txt]" time="0.022" /><testcase classname="tests.unit.test_core_exceptions_stages_0001" name="test_lambda_attribute_rewritten_by_stage" time="0.005" /><testcase classname="tests.unit.test_core_exceptions_stages_0008" name="test_exceptioninfo_normalizer_applies_value_rewrite_on_preexisting_pytest_with" time="0.007" /><testcase classname="tests.unit.test_core_0001.TestComplexScenarios" name="test_complete_test_class_conversion" time="0.052" /><testcase classname="tests.unit.test_core_exceptions_stages_0001" name="test_exceptioninfo_normalizer_stage_applies_rewriter__01" time="0.004" /><testcase classname="tests.unit.test_core_exceptions_stages_0008" name="test_exceptionattrrewriter_respects_function_param_shadowing" time="0.008" /><testcase classname="tests.unit.test_core_exceptions_stages_0001" name="test_visit_listcomp_traversal_exercised" time="0.003" /><testcase classname="tests.unit.test_core_exceptions_stages_0001" name="test_simple_statement_multiple_small_statements_not_converted_bare" time="0.004" /><testcase classname="tests.unit.test_core_0001.TestMixedUnittestPytestFiles" name="test_mixed_conversion[unittest_pytest_11.txt]" time="0.030" /><testcase classname="tests.unit.test_core_exceptions_stages_0009" name="test_multi_statement_simple_statement_line_is_not_transformed" time="0.007" /><testcase classname="tests.unit.test_core_exceptions_stages_0001" name="test_simple_statement_non_call_expr_not_converted" time="0.003" /><testcase classname="tests.unit.test_core_0001.TestExampleFiles" name="test_conversion_compiles[unittest_20.txt]" time="0.014" /><testcase classname="tests.unit.test_core_exceptions_stages_0001" name="test_functional_single_arg_no_conversion" time="0.003" /><testcase classname="tests.unit.test_core_exceptions_stages_0009" name="test_small_statement_not_expr_is_not_transformed" time="0.007" /><testcase classname="tests.unit.test_core_exceptions_stages_0002" name="test_with_asname_and_attribute_rewritten_to_value" time="0.014" /><testcase classname="tests.unit.test_core_exceptions_stages_0009" name="test_expr_value_not_call_is_not_transformed" time="0.007" /><testcase classname="tests.unit.test_core_0001
[...]
ck_variants" time="0.174" /><testcase classname="tests.unit.test_main_0003" name="test_assertraises_conversion_uses_excinfo_value_end_to_end" time="0.037" /><testcase classname="tests.unit.test_main_0003" name="test_import_pytest_not_added_when_unused" time="0.023" /><testcase classname="tests.unit.test_main_0003" name="test_fixture_with_multiple_cleanup_statements" time="0.067" /><testcase classname="tests.unit.test_main_0003" name="test_removes_simple_unittest_main_guard" time="0.008" /><testcase classname="tests.unit.test_main_0003" name="test_removes_sys_exit_wrapped_main" time="0.013" /><testcase classname="tests.unit.test_main_0003" name="test_add_pytest_import_wrapper_returns_module_with_import" time="0.020" /><testcase classname="tests.unit.test_main_0003" name="test_fixture_creation_delegation_simple_and_attribute" time="0.023" /><testcase classname="tests.unit.test_main_0003" name="test_complex_teardown_pattern" time="0.035" /><testcase classname="tests.unit.test_main_0003" name="test_remove_self_references_simple_attribute" time="0.019" /><testcase classname="tests.unit.test_main_0003" name="test_convert_assertion_name_fallback_to_converter" time="0.012" /><testcase classname="tests.unit.test_main_0003" name="test_pytest_import_inserted_before_fixtures" time="0.019" /><testcase classname="tests.unit.test_main_0003" name="test_import_re_not_added_when_unused" time="0.020" /><testcase classname="tests.unit.test_main_0003" name="test_create_pytest_raises_item_sets_import_flag" time="0.012" /><testcase classname="tests.unit.test_main_0003" name="test_pattern_adders_and_props" time="0.001" /><testcase classname="tests.unit.test_main_0003" name="test_transformer_emits_guard_fixture_for_self_referential_setup" time="0.026" /><testcase classname="tests.unit.test_main_0003" name="test_assert_raises_helpers_and_import_flag" time="0.014" /><testcase classname="tests.unit.test_main_0003" name="test_convert_setup_to_fixture_creates_assignments_and_fixtures" time="0.018" /><testcase classname="tests.unit.test_main_manager_stages_0001" name="test_leave_Module_adds_pytest_import_when_needed" time="0.023" /><testcase classname="tests.unit.test_main_0003" name="test_visit_classdef_removes_unittest_base" time="0.005" /><testcase classname="tests.unit.test_main_manager_stages_0001" name="test_leave_ClassDef_removes_unittest_base_and_preserves_non_unittest" time="0.015" /><testcase classname="tests.unit.test_main_0003" name="test_import_re_added_for_assert_regex" time="0.019" /><testcase classname="tests.unit.test_main_manager_stages_0001" name="test_stage_manager_register_does_not_create_files_when_disabled" time="0.001" /><testcase classname="tests.unit.test_manager_stages_0001" name="test_stage_manager_runs_collector" time="0.003" /><testcase classname="tests.unit.test_main_manager_stages_0001" name="test_leave_FunctionDef_converts_setup_to_fixture_and_removes_self_from_tests" time="0.023" /><testcase classname="tests.unit.test_core_0001.TestExampleFiles" name="test_conversion_compiles[unittest_29.txt]" time="0.468" /><testcase classname="tests.unit.test_manager_stages_0001" name="test_diagnostics_enabled_creates_marker_and_dumps" time="0.006" /><testcase classname="tests.unit.test_manager_stages_0001" name="test_diagnostics_disabled_no_files" time="0.001" /><testcase classname="tests.unit.test_manager_stages_0001" name="test_register_writes_stage_snapshots" time="0.003" /><testcase classname="tests.unit.test_misc_0002" name="test_build_attach_fixture_empty" time="0.001" /><testcase classname="tests.unit.test_misc_0002" name="test_insert_attach_fixture_into_module" time="0.001" /><testcase classname="tests.unit.test_manager_stages_0001" name="test_register_and_run_merges_context" time="0.001" /><testcase classname="tests.unit.test_misc_0002" name="test_import_and_call_public_symbols[module_name0]" time="0.004" /><testcase classname="tests.unit.test_manager_stages_0001" name="test_diagnostics_disabled_by_default" time="0.003" /><testcase classname="tests.unit.test_misc_0002" name="test_import_and_call_public_symbols[module_name4]" time="0.004" /><testcase classname="tests.unit.test_misc_0002" name="test_import_and_call_public_symbols[module_name1]" time="0.005" /><testcase classname="tests.unit.test_misc_0002" name="test_import_and_call_public_symbols[module_name5]" time="0.006" /><testcase classname="tests.unit.test_manager_stages_0001" name="test_diagnostics_enabled_writes_files" time="0.008" /><testcase classname="tests.unit.test_misc_0002" name="test_import_and_call_public_symbols[module_name2]" time="0.003" /><testcase classname="tests.unit.test_misc_0002" name="test_import_and_call_public_symbols[module_name3]" time="0.003" /><testcase classname="tests.unit.test_misc_0002" name="test_import_and_call_public_symbols[module_name6]" time="0.001"><skipped type="pytest.skip" message="Skipping unsafe module splurge_unittest_to_pytest.print_diagnostics">D:\repos\splurge-unittest-to-pytest\tests\unit\test_misc_0002.py:64: Skipping unsafe module splurge_unittest_to_pytest.print_diagnostics</skipped></testcase><testcase classname="tests.unit.test_manager_stages_0001" name="test_diagnostics_marker_and_dir_created" time="0.004" /><testcase classname="tests.unit.test_misc_0002" name="test_import_and_call_public_symbols[module_name7]" time="0.004" /><testcase classname="tests.unit.test_misc_0002" name="test_renamer_skips_helpers_and_non_test_files" time="0.009" /><testcase classname="tests.unit.test_manager_stages_0001" name="test_register_writes_stage_snapshot" time="0.007" /><testcase classname="tests.unit.test_misc_0002" name="test_import_and_call_public_symbols[module_name8]" time="0.007" /><testcase classname="tests.unit.test_main_0002" name="test_remove_self_references_delegation" time="0.015" /><testcase classname="tests.unit.test_manager_stages_0001" name="test_no_diagnostics_when_disabled" time="0.001" /><testcase classname="tests.unit.test_misc_0003" name="test_build_attach_fixture_empty" time="0.002" /><testcase classname="tests.unit.test_misc_0003" name="test_import_and_call_public_symbols[module_name0]" time="0.004" /><testcase classname="tests.unit.test_misc_0003" name="test_insert_attach_fixture_into_module" time="0.001" /><testcase classname="tests.unit.test_misc_0002" name="test_print_diagnostics_finds_run" time="1.410" /><testcase classname="tests.unit.test_misc_0003" name="test_import_and_call_public_symbols[module_name4]" time="0.004" /><testcase classname="tests.unit.test_misc_0003" name="test_import_and_call_public_symbols[module_name1]" time="0.005" /><testcase classname="tests.unit.test_main_0002" name="test_pattern_adders_and_properties" time="0.001" /><testcase classname="tests.unit.test_misc_0003" name="test_import_and_call_public_symbols[module_name5]" time="0.006" /><testcase classname="tests.unit.test_main_0002" name="test_remove_self_references_delegation__01" time="0.013" /><testcase classname="tests.unit.test_misc_0003" name="test_import_and_call_public_symbols[module_name6]" time="0.002"><skipped type="pytest.skip" message="Skipping unsafe module splurge_unittest_to_pytest.print_diagnostics">D:\repos\splurge-unittest-to-pytest\tests\unit\test_misc_0003.py:64: Skipping unsafe module splurge_unittest_to_pytest.print_diagnostics</skipped></testcase><testcase classname="tests.unit.test_misc_0003" name="test_import_and_call_public_symbols[module_name7]" time="0.003" /><testcase classname="tests.unit.test_misc_0003" name="test_import_and_call_public_symbols[module_name8]" time="0.005" /><testcase classname="tests.unit.test_misc_0003" name="test_renamer_skips_helpers_and_non_test_files" time="0.007" /><testcase classname="tests.unit.test_misc_0003" name="test_print_diagnostics_finds_run" time="1.419" /><testcase classname="tests.unit.test_main_0002" name="test_normalize_method_name_delegation" time="0.001" /><testcase classname="tests.unit.test_mocks_stages_0001" name="test_mock_import_rewrite" time="0.006" /><testcase classname="tests.unit.test_main_0002" name="test_self_reference_remover_replaces_self_attr" time="0.002" /><testcase classname="tests.unit.test_main_0002" name="test_normalize_and_is_methods" time="0.001" /><testcase classname="tests.unit.test_main_0002" name="test_should_remove_first_param_behaviour" time="0.001" /><testcase classname="tests.unit.test_mocks_stages_0001" name="test_skipif_and_skipunless_and_name_variants" time="0.007" /><testcase classname="tests.unit.test_mocks_stages_0001" name="test_mock_import_alias_and_multiline" time="0.008" /><testcase classname="tests.unit.test_mocks_stages_0001" name="test_decorator_factory_expected_and_skip" time="0.009" /><testcase classname="tests.unit.test_mocks_stages_0001" name="test_known_bad_mapping_loaded" time="0.001" /><testcase classname="tests.unit.test_mocks_stages_0001" name="test_mock_from_import_rewrite_with_autospec_and_side_effect" time="0.004" /><testcase classname="tests.unit.test_mocks_stages_0001" name="test_mock_star_and_aliases_remain_valid" time="0.005" /><testcase classname="tests.unit.test_mocks_stages_0001" name="test_transformer_rewrites_side_effect_import" time="0.002" /><testcase classname="tests.unit.test_namedtuple_bundler_0001" name="test_bundle_named_locals_grouping" time="0.003" /><testcase classname="tests.unit.test_mocks_stages_0001" name="test_patch_object_and_package_targets" time="0.005" /><testcase classname="tests.unit.test_parallel_smoke_0001" name="test_concurrent_atomic_writes" time="0.000"><skipped type="pytest.skip" message="Windows rename semantics make this concurrency test flaky">D:\repos\splurge-unittest-to-pytest\tests\unit\test_parallel_smoke_0001.py:16: Windows rename semantics make this concurrency test flaky</skipped></testcase><testcase classname="tests.unit.test_pipeline_stages_0001" name="test_pipeline_runs_all_stages_and_inserts_fixtures_and_import" time="0.024" /><testcase classname="tests.unit.test_pipeline_stages_0001" name="test_strict_mode_drops_classes_and_autouse" time="0.018" /><testcase classname="tests.unit.test_raises_stage_0001" name="test_exception_attr_rewriter_basic" time="0.004" /><testcase classname="tests.unit.test_postvalidator_task_0001" name="test_postvalidator_attaches_error_on_invalid_code" time="0.001" /><testcase classname="tests.unit.test_raises_stage_task_events_0001" name="test_raises_stage_emits_task_events" time="0.004" /><testcase classname="tests.unit.test_raises_stage_0001" name="test_raises_rewriter_callable_form" time="0.001" /><testcase classname="tests.unit.test_rewriter_stages_0001.TestFlexibleParameterHandling" name="test_instance_method_inserts_self" time="0.002" /><testcase classname="tests.unit.test_remove_unittest_artifacts_task_0001" name="test_removes_unittest_import_and_main_guard" time="0.002" /><testcase classname="tests.unit.test_rewriter_stages_0001.TestFlexibleParameterHandling" name="test_classmethod_inserts_cls" time="0.004" /><testcase classname="tests.unit.test_rewriter_stages_0001.TestFlexibleParameterHandling" name="test_staticmethod_keeps_params" time="0.003" /><testcase classname="tests.unit.test_rewriter_stages_0001" name="test_rewriter_inserts_self_param" time="0.002" /><testcase classname="tests.unit.test_rewriter_stages_0001" name="test_rewriter_adds_fixture_params_and_removes_self" time="0.008" /><testcase classname="tests.unit.test_self_reference_remover_0001" name="test_leave_attribute_returns_original_when_no_self_or_cls_match" time="0.001" /><testcase classname="tests.unit.test_self_reference_remover_0001" name="test_leave_attribute_returns_attr_when_value_is_cls" time="0.001" /><testcase classname="tests.unit.test_stage1_observers_0001" name="test_manager_emits_stage_completed_and_diagnostics_writes" time="0.004" /><testcase classname="tests.unit.test_self_reference_remover_0001" name="test_leave_attribute_returns_attr_when_value_is_self" time="0.001" /><testcase classname="tests.unit.test_stage_metadata_0001" name="test_stage_started_completed_include_version" time="0.001" /><testcase classname="tests.unit.test_stages_0001" name="test_collector_captures_setup_and_teardown" time="0.005" /><testcase classname="tests.unit.test_stages_tidy_0001" name="test_tidy_inserts_emptyline_after_fixtures" time="0.003" /><testcase classname="tests.unit.test_stages_tidy_0001" name="test_tidy_adds_self_to_test_methods_without_params" time="0.002" /><testcase classname="tests.unit.test_stages_tidy_0001" name="test_tidy_keeps_existing_params_on_test_methods" time="0.003" /><testcase classname="tests.unit.test_stages_validation_0001" name="test_postvalidator_accepts_valid_module" time="0.001" /><testcase classname="tests.unit.test_stages_validation_0001" name="test_postvalidator_detects_syntax_error" time="0.001" /><testcase classname="tests.unit.test_stages_validation_0001" name="test_postvalidator_returns_error_for_invalid_code" time="0.001" /><testcase classname="tests.unit.test_stages_validation_0001" name="test_postvalidator_passes_through_non_string_code" time="0.001" /><testcase classname="tests.unit.test_tidy_tasks_0001" name="test_normalize_spacing_inserts_two_blank_lines" time="0.001" /><testcase classname="tests.unit.test_tidy_tasks_0001" name="test_ensure_self_param_adds_self_to_test_methods_in_classes" time="0.002" /><testcase classname="tests.unit.test_with_helpers_0001" name="test_convert_self_assert_raises" time="0.002" /><testcase classname="tests.unit.test_with_helpers_0001" name="test_convert_bare_assert_raises_name" time="0.002" /><testcase classname="tests.unit.test_with_helpers_0001" name="test_non_matching_with_returns_none" time="0.002" /><testcase classname="tests.unit.test_main_0003" name="test_fixture_with_cleanup_yield_pattern" time="0.041" /><testcase classname="tests.unit.test_main_0003" name="test_transformer_pattern_properties_and_adders" time="0.002" /><testcase classname="tests.unit.test_main_0003" name="test_remove_self_references_delegation" time="0.010" /><testcase classname="tests.unit.test_main_0003" name="test_pattern_adders_and_properties" time="0.001" /><testcase classname="tests.unit.test_main_0003" name="test_remove_self_references_delegation__01" time="0.011" /><testcase classname="tests.unit.test_main_0003" name="test_normalize_method_name_delegation" time="0.001" /><testcase classname="tests.unit.test_core_0001.TestExampleFiles" name="test_conversion_compiles[unittest_30.txt]" time="0.317" /><testcase classname="tests.unit.test_core_0001.TestMixedUnittestPytestFiles" name="test_mixed_conversion[unittest_pytest_01.txt]" time="0.042" /><testcase classname="tests.unit.test_core_0001.TestMixedUnittestPytestFiles" name="test_mixed_conversion[unittest_pytest_02.txt]" time="0.063" /><testcase classname="tests.unit.test_core_0001.TestMixedUnittestPytestFiles" name="test_mixed_conversion[unittest_pytest_03.txt]" time="0.036" /><testcase classname="tests.unit.test_generator_0001" name="test_collect_nested_in_call" time="0.001" /><testcase classname="tests.unit.test_generator_0001" name="test_collect_in_dict" time="0.001" /><testcase classname="tests.unit.test_generator_0002" name="test_make_composite_dirs_fixture_emits_node" time="0.001" /><testcase classname="tests.unit.test_generator_0002" name="test_finalize_collects_typing_and_yield" time="0.001" /><testcase classname="tests.unit.test_generator_fixtures_main_cli_0001" name="test_is_literal_simple" time="0.001" /><testcase classname="tests.unit.test_generator_fixtures_main_cli_0001" name="test_update_test_function_adds_and_removes_params" time="0.001" /><testcase classname="tests.unit.test_generator_fixtures_main_cli_0001" name="test_pattern_configurator_basic" time="0.001" /><testcase classname="tests.unit.test_generator_fixtures_main_cli_0001" name="test_cli_main_callable_exists" time="0.001" /><testcase classname="tests.unit.test_generator_helpers_0001" name="test_cleanup_needs_shutil_true_for_shutil_call" time="0.001" /><testcase classname="tests.unit.test_generator_helpers_0001" name="test_cleanup_needs_shutil_true_for_import" time="0.001" /><testcase classname="tests.unit.test_generator_helpers_0001" name="test_cleanup_needs_shutil_false_for_unrelated" time="0.001" /><testcase classname="tests.unit.test_generator_literals_0001" name="test_is_literal_none_and_name" time="0.001" /><testcase classname="tests.unit.test_generator_literals_0001" name="test_is_literal_numbers_and_strings_and_containers" time="0.001" /><testcase classname="tests.unit.test_generator_literals_0001" name="test_literals_simple" time="0.001" /><testcase classname="tests.unit.test_misc_0003" name="test_import_and_call_public_symbols[module_name2]" time="0.003" /><testcase classname="tests.unit.test_misc_0003" name="test_import_and_call_public_symbols[module_name3]" time="0.004" /><testcase classname="tests.unit.test_mocks_stages_0001" name="test_unittest_decorator_to_pytest_mark" time="0.003" /><testcase classname="tests.integration.test_main_0001" name="test_converted_module_executes_and_autouse_attaches" time="0.019" /><testcase classname="tests.integration.test_main_0001" name="test_pipeline_converts_sample_and_parses" time="0.011" /><testcase classname="tests.integration.test_main_0001" name="test_convert_and_pytest_collection" time="0.003" /><testcase classname="tests.integration.test_main_0001" name="test_convert_and_run_single_file" time="0.557" /><testcase classname="tests.integration.test_main_0001" name="test_convert_sample_backup" time="0.003"><skipped type="pytest.skip" message="sample backup not present">D:\repos\splurge-unittest-to-pytest\tests\integration\test_main_0001.py:132: sample backup not present</skipped></testcase><testcase classname="tests.integration.test_main_0001" name="test_smoke_convert_all_sample_unittest_files" time="5.239" /><testcase classname="tests.integration.test_sample06_conversion_0001" name="test_sample_06_matches_golden" time="0.058" /><testcase classname="tests.unit.test_assertion_golden_expand_0001" name="test_assert_equal_and_is_none_render" time="0.001" /><testcase classname="tests.unit.test_assertion_handlers_0001" name="test_assert_equal_handler_renders_comparison" time="0.001" /><testcase classname="tests.unit.test_assertion_handlers_0001" name="test_assert_is_none_literal_returns_none_and_variable_renders" time="0.001" /><testcase classname="tests.unit.test_assertion_handlers_0001" name="test_assert_true_false_and_in_isinstance" time="0.001" /><testcase classname="tests.unit.test_assertion_handlers_0001" name="test_assert_not_isinstance_and_comparisons" time="0.001" /><testcase classname="tests.unit.test_assertion_rewriter_task_0001" name="test_rewrite_assert_equal_to_assert_statement" time="0.002" /><testcase classname="tests.unit.test_assertions_0001" name="test_assert_equal_mapping_happy_path" time="0.001" /><testcase classname="tests.unit.test_assertions_0001" name="test_assert_is_none_edgecases" time="0.001" /><testcase classname="tests.unit.test_assertions_0001" name="test_assert_true_false_mapping" time="0.000" /><testcase classname="tests.unit.test_assertions_converter_fixtures_0001" name="test_assert_equal_direct_helper" time="0.001" /><testcase classname="tests.unit.test_assertions_converter_fixtures_0001" name="test_convert_assertion_via_map" time="0.001" /><testcase classname="tests.unit.test_assertions_converter_fixtures_0001" name="test_assert_is_none_returns_none_for_literals" time="0.001" /><testcase classname="tests.unit.test_assertions_converter_fixtures_0001" name="test_create_simple_fixture_and_autouse_attach_insertion" time="0.001" /><testcase classname="tests.unit.test_assertions_converter_fixtures_pipeline_stages_0001" name="test_assert_is_instance_helpers" time="0.001" /><testcase classname="tests.unit.test_assertions_converter_fixtures_pipeline_stages_0001" name="test_assert_in_not_in_and_comparison" time="0.001" /><testcase classname="tests.unit.test_assertions_converter_fixtures_pipeline_stages_0001" name="test_create_fixture_with_cleanup_yield_and_cleanup" time="0.002" /></testsuite></testsuites>